   0  $accept : prog $end

   1  prog : ID LLAVEINIC bloque LLAVEFIN
   2       | ID bloque LLAVEFIN
   3       | ID LLAVEINIC bloque
   4       | LLAVEINIC bloque LLAVEFIN
   5       | ID LLAVEINIC bloque LLAVEFIN error

   6  bloque :
   7         | bloque sentencia

   8  bloque_ejecutable : bloque_ejecutable sentencia_ejec PUNTOYCOMA
   9                    | sentencia_ejec PUNTOYCOMA
  10                    | sentencia_ejec
  11                    | bloque_ejecutable sentencia_ejec

  12  tipo : INT

  13  sentencia : declaracion_variable
  14            | declaracion_con_asignacion
  15            | sentencia_ejec PUNTOYCOMA
  16            | sentencia_ejec
  17            | declaracion_funcion

  18  sentencia_ejec : asign_simple
  19                 | asign_multiple
  20                 | bloque_if
  21                 | bloque_for
  22                 | sentencia_print
  23                 | llamada_funcion

  24  declaracion_variable : tipo lista_ids PUNTOYCOMA
  25                       | tipo lista_ids
  26                       | tipo PUNTOYCOMA

  27  lista_ids : ID
  28            | lista_ids COMA ID
  29            | lista_ids COMA error

  30  declaracion_con_asignacion : tipo ID ASIGN expresion PUNTOYCOMA
  31                             | tipo ID ASIGN expresion
  32                             | tipo ID ASIGN error PUNTOYCOMA
  33                             | tipo ID error expresion PUNTOYCOMA
  34                             | tipo error ASIGN expresion PUNTOYCOMA

  35  declaracion_funcion : tipo ID PARENTINIC lista_params_formales PARENTFIN LLAVEINIC bloque return_sent LLAVEFIN
  36                      | declaracion_funcion_err

  37  declaracion_funcion_err : tipo PARENTINIC lista_params_formales PARENTFIN LLAVEINIC bloque LLAVEFIN

  38  lista_params_formales : param_formal
  39                        | lista_params_formales COMA param_formal
  40                        | lista_params_formales COMA error

  41  param_formal : sem_pasaje_opt tipo ID
  42               | sem_pasaje_opt tipo error
  43               | sem_pasaje_opt ID

  44  sem_pasaje_opt :
  45                 | CV

  46  return_sent : RETURN PARENTINIC expresion PARENTFIN PUNTOYCOMA
  47              | RETURN PARENTINIC expresion PARENTFIN
  48              |

  49  asign_simple : var_ref ASIGN expresion

  50  asign_multiple : lista_vars IGUALUNICO lista_ctes
  51                 | IGUALUNICO lista_ctes
  52                 | lista_vars IGUALUNICO error

  53  lista_ctes : cte
  54             | lista_ctes COMA cte
  55             | lista_ctes COMA error
  56             | lista_ctes cte

  57  lista_vars : var_ref
  58             | lista_vars COMA var_ref
  59             | lista_vars COMA error
  60             | lista_vars var_ref

  61  var_ref : ID
  62          | var_ref PUNTO ID

  63  expresion : termino
  64            | expresion MAS termino
  65            | expresion MAS error
  66            | error MAS termino
  67            | expresion MENOS termino
  68            | expresion MENOS error
  69            | error MENOS termino

  70  termino : factor
  71          | termino MUL factor
  72          | termino MUL error
  73          | error MUL factor
  74          | termino DIV factor
  75          | termino DIV error
  76          | error DIV factor

  77  factor : ID
  78         | ID restofunc
  79         | cte

  80  restofunc : PARENTINIC lista_params_reales PARENTFIN

  81  cte : CTEFLOAT
  82      | MENOS CTEFLOAT
  83      | CTEINT
  84      | MENOS CTEINT
  85      | CTESTR

  86  bloque_if : IF PARENTINIC condicion PARENTFIN rama_if ENDIF
  87            | IF PARENTINIC condicion PARENTFIN rama_if ELSE rama_else ENDIF
  88            | bloque_if_error

  89  bloque_if_error : IF condicion PARENTFIN rama_if ENDIF
  90                  | IF PARENTINIC condicion rama_if ENDIF
  91                  | IF condicion rama_if ENDIF
  92                  | IF PARENTINIC condicion PARENTFIN rama_if error
  93                  | IF condicion PARENTFIN rama_if ELSE rama_else ENDIF
  94                  | IF PARENTINIC condicion rama_if ELSE rama_else ENDIF
  95                  | IF condicion rama_if ELSE rama_else ENDIF
  96                  | IF PARENTINIC condicion PARENTFIN rama_if ELSE rama_else error
  97                  | IF rama_if ENDIF
  98                  | IF rama_if ELSE rama_else ENDIF
  99                  | IF PARENTINIC error PARENTFIN rama_if ENDIF
 100                  | IF PARENTINIC error PARENTFIN rama_if ELSE rama_else ENDIF
 101                  | IF PARENTINIC condicion PARENTFIN error
 102                  | IF PARENTINIC condicion PARENTFIN rama_if ELSE error

 103  condicion : expresion op_relacion expresion
 104            | expresion error expresion
 105            | error op_relacion expresion
 106            | expresion op_relacion error

 107  op_relacion : MENOR
 108              | MAYOR
 109              | IGUAL
 110              | DISTINTO
 111              | MENORIGUAL
 112              | MAYORIGUAL

 113  rama_if : sentencia_ejec PUNTOYCOMA
 114          | LLAVEINIC bloque_ejecutable LLAVEFIN
 115          | LLAVEINIC LLAVEFIN

 116  rama_else : sentencia_ejec PUNTOYCOMA
 117            | LLAVEINIC bloque_ejecutable LLAVEFIN
 118            | LLAVEINIC LLAVEFIN

 119  bloque_for : FOR PARENTINIC ID FROM CTEINT TO CTEINT PARENTFIN rama_for
 120             | FOR ID FROM CTEINT TO CTEINT PARENTFIN rama_for
 121             | FOR PARENTINIC FROM CTEINT TO CTEINT PARENTFIN rama_for
 122             | FOR PARENTINIC ID CTEINT TO CTEINT PARENTFIN rama_for
 123             | FOR PARENTINIC ID FROM TO CTEINT PARENTFIN rama_for
 124             | FOR PARENTINIC ID FROM CTEINT CTEINT PARENTFIN rama_for
 125             | FOR PARENTINIC ID FROM CTEINT TO PARENTFIN rama_for
 126             | FOR PARENTINIC ID FROM CTEINT TO CTEINT rama_for
 127             | FOR ID FROM CTEINT TO CTEINT rama_for
 128             | FOR PARENTINIC ID FROM CTEINT TO CTEINT PARENTFIN error

 129  rama_for : sentencia_ejec
 130           | LLAVEINIC bloque_ejecutable LLAVEFIN
 131           | LLAVEINIC LLAVEFIN

 132  sentencia_print : PRINT PARENTINIC expresion PARENTFIN
 133                  | PRINT PARENTINIC error PARENTFIN
 134                  | PRINT expresion PARENTFIN
 135                  | PRINT PARENTINIC expresion

 136  llamada_funcion : ID PARENTINIC lista_params_reales PARENTFIN

 137  lista_params_reales : param_real_map
 138                      | lista_params_reales COMA param_real_map

 139  param_real_map : parametro_real FLECHA ID
 140                 | parametro_real FLECHA error

 141  parametro_real : expresion
 142                 | TRUNC PARENTINIC expresion PARENTFIN
 143                 | TRUNC PARENTINIC expresion
 144                 | TRUNC expresion PARENTFIN
 145                 | TRUNC expresion
 146                 | lambda_expr

 147  lambda_expr : PARENTINIC tipo ID PARENTFIN LLAVEINIC bloque_ejecutable LLAVEFIN PARENTINIC argumento PARENTFIN
 148              | PARENTINIC tipo ID PARENTFIN bloque_ejecutable LLAVEFIN PARENTINIC argumento PARENTFIN
 149              | PARENTINIC tipo ID PARENTFIN LLAVEINIC bloque_ejecutable PARENTINIC argumento PARENTFIN
 150              | PARENTINIC tipo ID PARENTFIN bloque_ejecutable PARENTINIC argumento PARENTFIN

 151  argumento : ID
 152            | cte

state 0
	$accept : . prog $end  (0)

	ID  shift 1
	LLAVEINIC  shift 2
	.  error

	prog  goto 3


state 1
	prog : ID . LLAVEINIC bloque LLAVEFIN  (1)
	prog : ID . bloque LLAVEFIN  (2)
	prog : ID . LLAVEINIC bloque  (3)
	prog : ID . LLAVEINIC bloque LLAVEFIN error  (5)
	bloque : .  (6)

	LLAVEINIC  shift 4
	IF  reduce 6
	PRINT  reduce 6
	INT  reduce 6
	FOR  reduce 6
	ID  reduce 6
	IGUALUNICO  reduce 6
	LLAVEFIN  reduce 6

	bloque  goto 5


state 2
	prog : LLAVEINIC . bloque LLAVEFIN  (4)
	bloque : .  (6)

	.  reduce 6

	bloque  goto 6


state 3
	$accept : prog . $end  (0)

	$end  accept


state 4
	prog : ID LLAVEINIC . bloque LLAVEFIN  (1)
	prog : ID LLAVEINIC . bloque  (3)
	prog : ID LLAVEINIC . bloque LLAVEFIN error  (5)
	bloque : .  (6)

	.  reduce 6

	bloque  goto 7


state 5
	prog : ID bloque . LLAVEFIN  (2)
	bloque : bloque . sentencia  (7)

	IF  shift 8
	PRINT  shift 9
	INT  shift 10
	FOR  shift 11
	ID  shift 12
	IGUALUNICO  shift 13
	LLAVEFIN  shift 14
	.  error

	sentencia  goto 15
	sentencia_ejec  goto 16
	tipo  goto 17
	declaracion_variable  goto 18
	declaracion_con_asignacion  goto 19
	declaracion_funcion  goto 20
	asign_simple  goto 21
	asign_multiple  goto 22
	bloque_if  goto 23
	bloque_for  goto 24
	sentencia_print  goto 25
	llamada_funcion  goto 26
	declaracion_funcion_err  goto 27
	var_ref  goto 28
	lista_vars  goto 29
	bloque_if_error  goto 30


state 6
	prog : LLAVEINIC bloque . LLAVEFIN  (4)
	bloque : bloque . sentencia  (7)

	IF  shift 8
	PRINT  shift 9
	INT  shift 10
	FOR  shift 11
	ID  shift 12
	IGUALUNICO  shift 13
	LLAVEFIN  shift 31
	.  error

	sentencia  goto 15
	sentencia_ejec  goto 16
	tipo  goto 17
	declaracion_variable  goto 18
	declaracion_con_asignacion  goto 19
	declaracion_funcion  goto 20
	asign_simple  goto 21
	asign_multiple  goto 22
	bloque_if  goto 23
	bloque_for  goto 24
	sentencia_print  goto 25
	llamada_funcion  goto 26
	declaracion_funcion_err  goto 27
	var_ref  goto 28
	lista_vars  goto 29
	bloque_if_error  goto 30


state 7
	prog : ID LLAVEINIC bloque . LLAVEFIN  (1)
	prog : ID LLAVEINIC bloque .  (3)
	prog : ID LLAVEINIC bloque . LLAVEFIN error  (5)
	bloque : bloque . sentencia  (7)

	IF  shift 8
	PRINT  shift 9
	INT  shift 10
	FOR  shift 11
	ID  shift 12
	IGUALUNICO  shift 13
	LLAVEFIN  shift 32
	$end  reduce 3

	sentencia  goto 15
	sentencia_ejec  goto 16
	tipo  goto 17
	declaracion_variable  goto 18
	declaracion_con_asignacion  goto 19
	declaracion_funcion  goto 20
	asign_simple  goto 21
	asign_multiple  goto 22
	bloque_if  goto 23
	bloque_for  goto 24
	sentencia_print  goto 25
	llamada_funcion  goto 26
	declaracion_funcion_err  goto 27
	var_ref  goto 28
	lista_vars  goto 29
	bloque_if_error  goto 30


state 8
	bloque_if : IF . PARENTINIC condicion PARENTFIN rama_if ENDIF  (86)
	bloque_if : IF . PARENTINIC condicion PARENTFIN rama_if ELSE rama_else ENDIF  (87)
	bloque_if_error : IF . condicion PARENTFIN rama_if ENDIF  (89)
	bloque_if_error : IF . PARENTINIC condicion rama_if ENDIF  (90)
	bloque_if_error : IF . condicion rama_if ENDIF  (91)
	bloque_if_error : IF . PARENTINIC condicion PARENTFIN rama_if error  (92)
	bloque_if_error : IF . condicion PARENTFIN rama_if ELSE rama_else ENDIF  (93)
	bloque_if_error : IF . PARENTINIC condicion rama_if ELSE rama_else ENDIF  (94)
	bloque_if_error : IF . condicion rama_if ELSE rama_else ENDIF  (95)
	bloque_if_error : IF . PARENTINIC condicion PARENTFIN rama_if ELSE rama_else error  (96)
	bloque_if_error : IF . rama_if ENDIF  (97)
	bloque_if_error : IF . rama_if ELSE rama_else ENDIF  (98)
	bloque_if_error : IF . PARENTINIC error PARENTFIN rama_if ENDIF  (99)
	bloque_if_error : IF . PARENTINIC error PARENTFIN rama_if ELSE rama_else ENDIF  (100)
	bloque_if_error : IF . PARENTINIC condicion PARENTFIN error  (101)
	bloque_if_error : IF . PARENTINIC condicion PARENTFIN rama_if ELSE error  (102)

	error  shift 33
	IF  shift 8
	PRINT  shift 9
	FOR  shift 11
	ID  shift 34
	CTEINT  shift 35
	CTEFLOAT  shift 36
	CTESTR  shift 37
	MENOS  shift 38
	IGUALUNICO  shift 13
	PARENTINIC  shift 39
	LLAVEINIC  shift 40
	.  error

	sentencia_ejec  goto 41
	asign_simple  goto 21
	asign_multiple  goto 22
	bloque_if  goto 23
	bloque_for  goto 24
	sentencia_print  goto 25
	llamada_funcion  goto 26
	expresion  goto 42
	var_ref  goto 28
	lista_vars  goto 29
	cte  goto 43
	termino  goto 44
	factor  goto 45
	condicion  goto 46
	rama_if  goto 47
	bloque_if_error  goto 30


state 9
	sentencia_print : PRINT . PARENTINIC expresion PARENTFIN  (132)
	sentencia_print : PRINT . PARENTINIC error PARENTFIN  (133)
	sentencia_print : PRINT . expresion PARENTFIN  (134)
	sentencia_print : PRINT . PARENTINIC expresion  (135)

	error  shift 48
	ID  shift 49
	CTEINT  shift 35
	CTEFLOAT  shift 36
	CTESTR  shift 37
	MENOS  shift 38
	PARENTINIC  shift 50
	.  error

	expresion  goto 51
	cte  goto 43
	termino  goto 44
	factor  goto 45


state 10
	tipo : INT .  (12)

	.  reduce 12


state 11
	bloque_for : FOR . PARENTINIC ID FROM CTEINT TO CTEINT PARENTFIN rama_for  (119)
	bloque_for : FOR . ID FROM CTEINT TO CTEINT PARENTFIN rama_for  (120)
	bloque_for : FOR . PARENTINIC FROM CTEINT TO CTEINT PARENTFIN rama_for  (121)
	bloque_for : FOR . PARENTINIC ID CTEINT TO CTEINT PARENTFIN rama_for  (122)
	bloque_for : FOR . PARENTINIC ID FROM TO CTEINT PARENTFIN rama_for  (123)
	bloque_for : FOR . PARENTINIC ID FROM CTEINT CTEINT PARENTFIN rama_for  (124)
	bloque_for : FOR . PARENTINIC ID FROM CTEINT TO PARENTFIN rama_for  (125)
	bloque_for : FOR . PARENTINIC ID FROM CTEINT TO CTEINT rama_for  (126)
	bloque_for : FOR . ID FROM CTEINT TO CTEINT rama_for  (127)
	bloque_for : FOR . PARENTINIC ID FROM CTEINT TO CTEINT PARENTFIN error  (128)

	ID  shift 52
	PARENTINIC  shift 53
	.  error


state 12
	var_ref : ID .  (61)
	llamada_funcion : ID . PARENTINIC lista_params_reales PARENTFIN  (136)

	PARENTINIC  shift 54
	ID  reduce 61
	ASIGN  reduce 61
	IGUALUNICO  reduce 61
	PUNTO  reduce 61
	COMA  reduce 61


state 13
	asign_multiple : IGUALUNICO . lista_ctes  (51)

	CTEINT  shift 35
	CTEFLOAT  shift 36
	CTESTR  shift 37
	MENOS  shift 38
	.  error

	lista_ctes  goto 55
	cte  goto 56


state 14
	prog : ID bloque LLAVEFIN .  (2)

	.  reduce 2


state 15
	bloque : bloque sentencia .  (7)

	.  reduce 7


state 16
	sentencia : sentencia_ejec . PUNTOYCOMA  (15)
	sentencia : sentencia_ejec .  (16)

	PUNTOYCOMA  shift 57
	$end  reduce 16
	IF  reduce 16
	PRINT  reduce 16
	RETURN  reduce 16
	INT  reduce 16
	FOR  reduce 16
	ID  reduce 16
	IGUALUNICO  reduce 16
	LLAVEFIN  reduce 16


state 17
	declaracion_variable : tipo . lista_ids PUNTOYCOMA  (24)
	declaracion_variable : tipo . lista_ids  (25)
	declaracion_variable : tipo . PUNTOYCOMA  (26)
	declaracion_con_asignacion : tipo . ID ASIGN expresion PUNTOYCOMA  (30)
	declaracion_con_asignacion : tipo . ID ASIGN expresion  (31)
	declaracion_con_asignacion : tipo . ID ASIGN error PUNTOYCOMA  (32)
	declaracion_con_asignacion : tipo . ID error expresion PUNTOYCOMA  (33)
	declaracion_con_asignacion : tipo . error ASIGN expresion PUNTOYCOMA  (34)
	declaracion_funcion : tipo . ID PARENTINIC lista_params_formales PARENTFIN LLAVEINIC bloque return_sent LLAVEFIN  (35)
	declaracion_funcion_err : tipo . PARENTINIC lista_params_formales PARENTFIN LLAVEINIC bloque LLAVEFIN  (37)

	error  shift 58
	ID  shift 59
	PUNTOYCOMA  shift 60
	PARENTINIC  shift 61
	.  error

	lista_ids  goto 62


state 18
	sentencia : declaracion_variable .  (13)

	.  reduce 13


state 19
	sentencia : declaracion_con_asignacion .  (14)

	.  reduce 14


state 20
	sentencia : declaracion_funcion .  (17)

	.  reduce 17


state 21
	sentencia_ejec : asign_simple .  (18)

	.  reduce 18


state 22
	sentencia_ejec : asign_multiple .  (19)

	.  reduce 19


state 23
	sentencia_ejec : bloque_if .  (20)

	.  reduce 20


state 24
	sentencia_ejec : bloque_for .  (21)

	.  reduce 21


state 25
	sentencia_ejec : sentencia_print .  (22)

	.  reduce 22


state 26
	sentencia_ejec : llamada_funcion .  (23)

	.  reduce 23


state 27
	declaracion_funcion : declaracion_funcion_err .  (36)

	.  reduce 36


state 28
	asign_simple : var_ref . ASIGN expresion  (49)
	lista_vars : var_ref .  (57)
	var_ref : var_ref . PUNTO ID  (62)

	ASIGN  shift 63
	PUNTO  shift 64
	ID  reduce 57
	IGUALUNICO  reduce 57
	COMA  reduce 57


state 29
	asign_multiple : lista_vars . IGUALUNICO lista_ctes  (50)
	asign_multiple : lista_vars . IGUALUNICO error  (52)
	lista_vars : lista_vars . COMA var_ref  (58)
	lista_vars : lista_vars . COMA error  (59)
	lista_vars : lista_vars . var_ref  (60)

	ID  shift 65
	IGUALUNICO  shift 66
	COMA  shift 67
	.  error

	var_ref  goto 68


state 30
	bloque_if : bloque_if_error .  (88)

	.  reduce 88


state 31
	prog : LLAVEINIC bloque LLAVEFIN .  (4)

	.  reduce 4


state 32
	prog : ID LLAVEINIC bloque LLAVEFIN .  (1)
	prog : ID LLAVEINIC bloque LLAVEFIN . error  (5)

	error  shift 69
	$end  reduce 1


state 33
	expresion : error . MAS termino  (66)
	expresion : error . MENOS termino  (69)
	termino : error . MUL factor  (73)
	termino : error . DIV factor  (76)
	condicion : error . op_relacion expresion  (105)

	IGUAL  shift 70
	DISTINTO  shift 71
	MENORIGUAL  shift 72
	MAYORIGUAL  shift 73
	MAS  shift 74
	MUL  shift 75
	DIV  shift 76
	MENOS  shift 77
	MAYOR  shift 78
	MENOR  shift 79
	.  error

	op_relacion  goto 80


state 34
	var_ref : ID .  (61)
	factor : ID .  (77)
	factor : ID . restofunc  (78)
	llamada_funcion : ID . PARENTINIC lista_params_reales PARENTFIN  (136)

	PARENTINIC  shift 81
	error  reduce 77
	ID  reduce 61
	ASIGN  reduce 61
	IGUAL  reduce 77
	DISTINTO  reduce 77
	MENORIGUAL  reduce 77
	MAYORIGUAL  reduce 77
	MAS  reduce 77
	MUL  reduce 77
	DIV  reduce 77
	MENOS  reduce 77
	IGUALUNICO  reduce 61
	MAYOR  reduce 77
	MENOR  reduce 77
	PUNTO  reduce 61
	COMA  reduce 61

	restofunc  goto 82


state 35
	cte : CTEINT .  (83)

	.  reduce 83


state 36
	cte : CTEFLOAT .  (81)

	.  reduce 81


state 37
	cte : CTESTR .  (85)

	.  reduce 85


state 38
	cte : MENOS . CTEFLOAT  (82)
	cte : MENOS . CTEINT  (84)

	CTEINT  shift 83
	CTEFLOAT  shift 84
	.  error


state 39
	bloque_if : IF PARENTINIC . condicion PARENTFIN rama_if ENDIF  (86)
	bloque_if : IF PARENTINIC . condicion PARENTFIN rama_if ELSE rama_else ENDIF  (87)
	bloque_if_error : IF PARENTINIC . condicion rama_if ENDIF  (90)
	bloque_if_error : IF PARENTINIC . condicion PARENTFIN rama_if error  (92)
	bloque_if_error : IF PARENTINIC . condicion rama_if ELSE rama_else ENDIF  (94)
	bloque_if_error : IF PARENTINIC . condicion PARENTFIN rama_if ELSE rama_else error  (96)
	bloque_if_error : IF PARENTINIC . error PARENTFIN rama_if ENDIF  (99)
	bloque_if_error : IF PARENTINIC . error PARENTFIN rama_if ELSE rama_else ENDIF  (100)
	bloque_if_error : IF PARENTINIC . condicion PARENTFIN error  (101)
	bloque_if_error : IF PARENTINIC . condicion PARENTFIN rama_if ELSE error  (102)

	error  shift 85
	ID  shift 49
	CTEINT  shift 35
	CTEFLOAT  shift 36
	CTESTR  shift 37
	MENOS  shift 38
	.  error

	expresion  goto 42
	cte  goto 43
	termino  goto 44
	factor  goto 45
	condicion  goto 86


state 40
	rama_if : LLAVEINIC . bloque_ejecutable LLAVEFIN  (114)
	rama_if : LLAVEINIC . LLAVEFIN  (115)

	IF  shift 8
	PRINT  shift 9
	FOR  shift 11
	ID  shift 12
	IGUALUNICO  shift 13
	LLAVEFIN  shift 87
	.  error

	bloque_ejecutable  goto 88
	sentencia_ejec  goto 89
	asign_simple  goto 21
	asign_multiple  goto 22
	bloque_if  goto 23
	bloque_for  goto 24
	sentencia_print  goto 25
	llamada_funcion  goto 26
	var_ref  goto 28
	lista_vars  goto 29
	bloque_if_error  goto 30


state 41
	rama_if : sentencia_ejec . PUNTOYCOMA  (113)

	PUNTOYCOMA  shift 90
	.  error


state 42
	expresion : expresion . MAS termino  (64)
	expresion : expresion . MAS error  (65)
	expresion : expresion . MENOS termino  (67)
	expresion : expresion . MENOS error  (68)
	condicion : expresion . op_relacion expresion  (103)
	condicion : expresion . error expresion  (104)
	condicion : expresion . op_relacion error  (106)

	error  shift 91
	IGUAL  shift 70
	DISTINTO  shift 71
	MENORIGUAL  shift 72
	MAYORIGUAL  shift 73
	MAS  shift 92
	MENOS  shift 93
	MAYOR  shift 78
	MENOR  shift 79
	.  error

	op_relacion  goto 94


state 43
	factor : cte .  (79)

	.  reduce 79


state 44
	expresion : termino .  (63)
	termino : termino . MUL factor  (71)
	termino : termino . MUL error  (72)
	termino : termino . DIV factor  (74)
	termino : termino . DIV error  (75)

	MUL  shift 95
	DIV  shift 96
	$end  reduce 63
	error  reduce 63
	IF  reduce 63
	PRINT  reduce 63
	RETURN  reduce 63
	INT  reduce 63
	FOR  reduce 63
	ID  reduce 63
	FLECHA  reduce 63
	IGUAL  reduce 63
	DISTINTO  reduce 63
	MENORIGUAL  reduce 63
	MAYORIGUAL  reduce 63
	MAS  reduce 63
	MENOS  reduce 63
	IGUALUNICO  reduce 63
	MAYOR  reduce 63
	MENOR  reduce 63
	PUNTOYCOMA  reduce 63
	PARENTINIC  reduce 63
	PARENTFIN  reduce 63
	LLAVEINIC  reduce 63
	LLAVEFIN  reduce 63


state 45
	termino : factor .  (70)

	.  reduce 70


state 46
	bloque_if_error : IF condicion . PARENTFIN rama_if ENDIF  (89)
	bloque_if_error : IF condicion . rama_if ENDIF  (91)
	bloque_if_error : IF condicion . PARENTFIN rama_if ELSE rama_else ENDIF  (93)
	bloque_if_error : IF condicion . rama_if ELSE rama_else ENDIF  (95)

	IF  shift 8
	PRINT  shift 9
	FOR  shift 11
	ID  shift 12
	IGUALUNICO  shift 13
	PARENTFIN  shift 97
	LLAVEINIC  shift 40
	.  error

	sentencia_ejec  goto 41
	asign_simple  goto 21
	asign_multiple  goto 22
	bloque_if  goto 23
	bloque_for  goto 24
	sentencia_print  goto 25
	llamada_funcion  goto 26
	var_ref  goto 28
	lista_vars  goto 29
	rama_if  goto 98
	bloque_if_error  goto 30


state 47
	bloque_if_error : IF rama_if . ENDIF  (97)
	bloque_if_error : IF rama_if . ELSE rama_else ENDIF  (98)

	ELSE  shift 99
	ENDIF  shift 100
	.  error


state 48
	expresion : error . MAS termino  (66)
	expresion : error . MENOS termino  (69)
	termino : error . MUL factor  (73)
	termino : error . DIV factor  (76)

	MAS  shift 74
	MUL  shift 75
	DIV  shift 76
	MENOS  shift 77
	.  error


49: shift/reduce conflict (shift 101, reduce 77) on PARENTINIC
state 49
	factor : ID .  (77)
	factor : ID . restofunc  (78)

	PARENTINIC  shift 101
	$end  reduce 77
	error  reduce 77
	IF  reduce 77
	PRINT  reduce 77
	RETURN  reduce 77
	INT  reduce 77
	FOR  reduce 77
	ID  reduce 77
	FLECHA  reduce 77
	IGUAL  reduce 77
	DISTINTO  reduce 77
	MENORIGUAL  reduce 77
	MAYORIGUAL  reduce 77
	MAS  reduce 77
	MUL  reduce 77
	DIV  reduce 77
	MENOS  reduce 77
	IGUALUNICO  reduce 77
	MAYOR  reduce 77
	MENOR  reduce 77
	PUNTOYCOMA  reduce 77
	PARENTFIN  reduce 77
	LLAVEINIC  reduce 77
	LLAVEFIN  reduce 77

	restofunc  goto 82


state 50
	sentencia_print : PRINT PARENTINIC . expresion PARENTFIN  (132)
	sentencia_print : PRINT PARENTINIC . error PARENTFIN  (133)
	sentencia_print : PRINT PARENTINIC . expresion  (135)

	error  shift 102
	ID  shift 49
	CTEINT  shift 35
	CTEFLOAT  shift 36
	CTESTR  shift 37
	MENOS  shift 38
	.  error

	expresion  goto 103
	cte  goto 43
	termino  goto 44
	factor  goto 45


state 51
	expresion : expresion . MAS termino  (64)
	expresion : expresion . MAS error  (65)
	expresion : expresion . MENOS termino  (67)
	expresion : expresion . MENOS error  (68)
	sentencia_print : PRINT expresion . PARENTFIN  (134)

	MAS  shift 92
	MENOS  shift 93
	PARENTFIN  shift 104
	.  error


state 52
	bloque_for : FOR ID . FROM CTEINT TO CTEINT PARENTFIN rama_for  (120)
	bloque_for : FOR ID . FROM CTEINT TO CTEINT rama_for  (127)

	FROM  shift 105
	.  error


state 53
	bloque_for : FOR PARENTINIC . ID FROM CTEINT TO CTEINT PARENTFIN rama_for  (119)
	bloque_for : FOR PARENTINIC . FROM CTEINT TO CTEINT PARENTFIN rama_for  (121)
	bloque_for : FOR PARENTINIC . ID CTEINT TO CTEINT PARENTFIN rama_for  (122)
	bloque_for : FOR PARENTINIC . ID FROM TO CTEINT PARENTFIN rama_for  (123)
	bloque_for : FOR PARENTINIC . ID FROM CTEINT CTEINT PARENTFIN rama_for  (124)
	bloque_for : FOR PARENTINIC . ID FROM CTEINT TO PARENTFIN rama_for  (125)
	bloque_for : FOR PARENTINIC . ID FROM CTEINT TO CTEINT rama_for  (126)
	bloque_for : FOR PARENTINIC . ID FROM CTEINT TO CTEINT PARENTFIN error  (128)

	FROM  shift 106
	ID  shift 107
	.  error


state 54
	llamada_funcion : ID PARENTINIC . lista_params_reales PARENTFIN  (136)

	error  shift 48
	TRUNC  shift 108
	ID  shift 49
	CTEINT  shift 35
	CTEFLOAT  shift 36
	CTESTR  shift 37
	MENOS  shift 38
	PARENTINIC  shift 109
	.  error

	expresion  goto 110
	cte  goto 43
	termino  goto 44
	factor  goto 45
	lista_params_reales  goto 111
	param_real_map  goto 112
	parametro_real  goto 113
	lambda_expr  goto 114


state 55
	asign_multiple : IGUALUNICO lista_ctes .  (51)
	lista_ctes : lista_ctes . COMA cte  (54)
	lista_ctes : lista_ctes . COMA error  (55)
	lista_ctes : lista_ctes . cte  (56)

	CTEINT  shift 35
	CTEFLOAT  shift 36
	CTESTR  shift 37
	MENOS  shift 38
	COMA  shift 115
	$end  reduce 51
	IF  reduce 51
	PRINT  reduce 51
	RETURN  reduce 51
	INT  reduce 51
	FOR  reduce 51
	ID  reduce 51
	IGUALUNICO  reduce 51
	PUNTOYCOMA  reduce 51
	PARENTINIC  reduce 51
	LLAVEFIN  reduce 51

	cte  goto 116


state 56
	lista_ctes : cte .  (53)

	.  reduce 53


state 57
	sentencia : sentencia_ejec PUNTOYCOMA .  (15)

	.  reduce 15


state 58
	declaracion_con_asignacion : tipo error . ASIGN expresion PUNTOYCOMA  (34)

	ASIGN  shift 117
	.  error


state 59
	lista_ids : ID .  (27)
	declaracion_con_asignacion : tipo ID . ASIGN expresion PUNTOYCOMA  (30)
	declaracion_con_asignacion : tipo ID . ASIGN expresion  (31)
	declaracion_con_asignacion : tipo ID . ASIGN error PUNTOYCOMA  (32)
	declaracion_con_asignacion : tipo ID . error expresion PUNTOYCOMA  (33)
	declaracion_funcion : tipo ID . PARENTINIC lista_params_formales PARENTFIN LLAVEINIC bloque return_sent LLAVEFIN  (35)

	error  shift 118
	ASIGN  shift 119
	PARENTINIC  shift 120
	$end  reduce 27
	IF  reduce 27
	PRINT  reduce 27
	RETURN  reduce 27
	INT  reduce 27
	FOR  reduce 27
	ID  reduce 27
	IGUALUNICO  reduce 27
	COMA  reduce 27
	PUNTOYCOMA  reduce 27
	LLAVEFIN  reduce 27


state 60
	declaracion_variable : tipo PUNTOYCOMA .  (26)

	.  reduce 26


state 61
	declaracion_funcion_err : tipo PARENTINIC . lista_params_formales PARENTFIN LLAVEINIC bloque LLAVEFIN  (37)
	sem_pasaje_opt : .  (44)

	CV  shift 121
	INT  reduce 44
	ID  reduce 44

	lista_params_formales  goto 122
	param_formal  goto 123
	sem_pasaje_opt  goto 124


state 62
	declaracion_variable : tipo lista_ids . PUNTOYCOMA  (24)
	declaracion_variable : tipo lista_ids .  (25)
	lista_ids : lista_ids . COMA ID  (28)
	lista_ids : lista_ids . COMA error  (29)

	COMA  shift 125
	PUNTOYCOMA  shift 126
	$end  reduce 25
	IF  reduce 25
	PRINT  reduce 25
	RETURN  reduce 25
	INT  reduce 25
	FOR  reduce 25
	ID  reduce 25
	IGUALUNICO  reduce 25
	LLAVEFIN  reduce 25


state 63
	asign_simple : var_ref ASIGN . expresion  (49)

	error  shift 48
	ID  shift 49
	CTEINT  shift 35
	CTEFLOAT  shift 36
	CTESTR  shift 37
	MENOS  shift 38
	.  error

	expresion  goto 127
	cte  goto 43
	termino  goto 44
	factor  goto 45


state 64
	var_ref : var_ref PUNTO . ID  (62)

	ID  shift 128
	.  error


state 65
	var_ref : ID .  (61)

	.  reduce 61


state 66
	asign_multiple : lista_vars IGUALUNICO . lista_ctes  (50)
	asign_multiple : lista_vars IGUALUNICO . error  (52)

	error  shift 129
	CTEINT  shift 35
	CTEFLOAT  shift 36
	CTESTR  shift 37
	MENOS  shift 38
	.  error

	lista_ctes  goto 130
	cte  goto 56


state 67
	lista_vars : lista_vars COMA . var_ref  (58)
	lista_vars : lista_vars COMA . error  (59)

	error  shift 131
	ID  shift 65
	.  error

	var_ref  goto 132


state 68
	lista_vars : lista_vars var_ref .  (60)
	var_ref : var_ref . PUNTO ID  (62)

	PUNTO  shift 64
	ID  reduce 60
	IGUALUNICO  reduce 60
	COMA  reduce 60


state 69
	prog : ID LLAVEINIC bloque LLAVEFIN error .  (5)

	.  reduce 5


state 70
	op_relacion : IGUAL .  (109)

	.  reduce 109


state 71
	op_relacion : DISTINTO .  (110)

	.  reduce 110


state 72
	op_relacion : MENORIGUAL .  (111)

	.  reduce 111


state 73
	op_relacion : MAYORIGUAL .  (112)

	.  reduce 112


state 74
	expresion : error MAS . termino  (66)

	error  shift 133
	ID  shift 49
	CTEINT  shift 35
	CTEFLOAT  shift 36
	CTESTR  shift 37
	MENOS  shift 38
	.  error

	cte  goto 43
	termino  goto 134
	factor  goto 45


state 75
	termino : error MUL . factor  (73)

	ID  shift 49
	CTEINT  shift 35
	CTEFLOAT  shift 36
	CTESTR  shift 37
	MENOS  shift 38
	.  error

	cte  goto 43
	factor  goto 135


state 76
	termino : error DIV . factor  (76)

	ID  shift 49
	CTEINT  shift 35
	CTEFLOAT  shift 36
	CTESTR  shift 37
	MENOS  shift 38
	.  error

	cte  goto 43
	factor  goto 136


state 77
	expresion : error MENOS . termino  (69)

	error  shift 133
	ID  shift 49
	CTEINT  shift 35
	CTEFLOAT  shift 36
	CTESTR  shift 37
	MENOS  shift 38
	.  error

	cte  goto 43
	termino  goto 137
	factor  goto 45


state 78
	op_relacion : MAYOR .  (108)

	.  reduce 108


state 79
	op_relacion : MENOR .  (107)

	.  reduce 107


state 80
	condicion : error op_relacion . expresion  (105)

	error  shift 48
	ID  shift 49
	CTEINT  shift 35
	CTEFLOAT  shift 36
	CTESTR  shift 37
	MENOS  shift 38
	.  error

	expresion  goto 138
	cte  goto 43
	termino  goto 44
	factor  goto 45


state 81
	restofunc : PARENTINIC . lista_params_reales PARENTFIN  (80)
	llamada_funcion : ID PARENTINIC . lista_params_reales PARENTFIN  (136)

	error  shift 48
	TRUNC  shift 108
	ID  shift 49
	CTEINT  shift 35
	CTEFLOAT  shift 36
	CTESTR  shift 37
	MENOS  shift 38
	PARENTINIC  shift 109
	.  error

	expresion  goto 110
	cte  goto 43
	termino  goto 44
	factor  goto 45
	lista_params_reales  goto 139
	param_real_map  goto 112
	parametro_real  goto 113
	lambda_expr  goto 114


state 82
	factor : ID restofunc .  (78)

	.  reduce 78


state 83
	cte : MENOS CTEINT .  (84)

	.  reduce 84


state 84
	cte : MENOS CTEFLOAT .  (82)

	.  reduce 82


state 85
	expresion : error . MAS termino  (66)
	expresion : error . MENOS termino  (69)
	termino : error . MUL factor  (73)
	termino : error . DIV factor  (76)
	bloque_if_error : IF PARENTINIC error . PARENTFIN rama_if ENDIF  (99)
	bloque_if_error : IF PARENTINIC error . PARENTFIN rama_if ELSE rama_else ENDIF  (100)
	condicion : error . op_relacion expresion  (105)

	IGUAL  shift 70
	DISTINTO  shift 71
	MENORIGUAL  shift 72
	MAYORIGUAL  shift 73
	MAS  shift 74
	MUL  shift 75
	DIV  shift 76
	MENOS  shift 77
	MAYOR  shift 78
	MENOR  shift 79
	PARENTFIN  shift 140
	.  error

	op_relacion  goto 80


state 86
	bloque_if : IF PARENTINIC condicion . PARENTFIN rama_if ENDIF  (86)
	bloque_if : IF PARENTINIC condicion . PARENTFIN rama_if ELSE rama_else ENDIF  (87)
	bloque_if_error : IF PARENTINIC condicion . rama_if ENDIF  (90)
	bloque_if_error : IF PARENTINIC condicion . PARENTFIN rama_if error  (92)
	bloque_if_error : IF PARENTINIC condicion . rama_if ELSE rama_else ENDIF  (94)
	bloque_if_error : IF PARENTINIC condicion . PARENTFIN rama_if ELSE rama_else error  (96)
	bloque_if_error : IF PARENTINIC condicion . PARENTFIN error  (101)
	bloque_if_error : IF PARENTINIC condicion . PARENTFIN rama_if ELSE error  (102)

	IF  shift 8
	PRINT  shift 9
	FOR  shift 11
	ID  shift 12
	IGUALUNICO  shift 13
	PARENTFIN  shift 141
	LLAVEINIC  shift 40
	.  error

	sentencia_ejec  goto 41
	asign_simple  goto 21
	asign_multiple  goto 22
	bloque_if  goto 23
	bloque_for  goto 24
	sentencia_print  goto 25
	llamada_funcion  goto 26
	var_ref  goto 28
	lista_vars  goto 29
	rama_if  goto 142
	bloque_if_error  goto 30


state 87
	rama_if : LLAVEINIC LLAVEFIN .  (115)

	.  reduce 115


state 88
	bloque_ejecutable : bloque_ejecutable . sentencia_ejec PUNTOYCOMA  (8)
	bloque_ejecutable : bloque_ejecutable . sentencia_ejec  (11)
	rama_if : LLAVEINIC bloque_ejecutable . LLAVEFIN  (114)

	IF  shift 8
	PRINT  shift 9
	FOR  shift 11
	ID  shift 12
	IGUALUNICO  shift 13
	LLAVEFIN  shift 143
	.  error

	sentencia_ejec  goto 144
	asign_simple  goto 21
	asign_multiple  goto 22
	bloque_if  goto 23
	bloque_for  goto 24
	sentencia_print  goto 25
	llamada_funcion  goto 26
	var_ref  goto 28
	lista_vars  goto 29
	bloque_if_error  goto 30


state 89
	bloque_ejecutable : sentencia_ejec . PUNTOYCOMA  (9)
	bloque_ejecutable : sentencia_ejec .  (10)

	PUNTOYCOMA  shift 145
	IF  reduce 10
	PRINT  reduce 10
	FOR  reduce 10
	ID  reduce 10
	IGUALUNICO  reduce 10
	PARENTINIC  reduce 10
	LLAVEFIN  reduce 10


state 90
	rama_if : sentencia_ejec PUNTOYCOMA .  (113)

	.  reduce 113


state 91
	condicion : expresion error . expresion  (104)

	error  shift 48
	ID  shift 49
	CTEINT  shift 35
	CTEFLOAT  shift 36
	CTESTR  shift 37
	MENOS  shift 38
	.  error

	expresion  goto 146
	cte  goto 43
	termino  goto 44
	factor  goto 45


state 92
	expresion : expresion MAS . termino  (64)
	expresion : expresion MAS . error  (65)

	error  shift 147
	ID  shift 49
	CTEINT  shift 35
	CTEFLOAT  shift 36
	CTESTR  shift 37
	MENOS  shift 38
	.  error

	cte  goto 43
	termino  goto 148
	factor  goto 45


state 93
	expresion : expresion MENOS . termino  (67)
	expresion : expresion MENOS . error  (68)

	error  shift 149
	ID  shift 49
	CTEINT  shift 35
	CTEFLOAT  shift 36
	CTESTR  shift 37
	MENOS  shift 38
	.  error

	cte  goto 43
	termino  goto 150
	factor  goto 45


state 94
	condicion : expresion op_relacion . expresion  (103)
	condicion : expresion op_relacion . error  (106)

	error  shift 151
	ID  shift 49
	CTEINT  shift 35
	CTEFLOAT  shift 36
	CTESTR  shift 37
	MENOS  shift 38
	.  error

	expresion  goto 152
	cte  goto 43
	termino  goto 44
	factor  goto 45


state 95
	termino : termino MUL . factor  (71)
	termino : termino MUL . error  (72)

	error  shift 153
	ID  shift 49
	CTEINT  shift 35
	CTEFLOAT  shift 36
	CTESTR  shift 37
	MENOS  shift 38
	.  error

	cte  goto 43
	factor  goto 154


state 96
	termino : termino DIV . factor  (74)
	termino : termino DIV . error  (75)

	error  shift 155
	ID  shift 49
	CTEINT  shift 35
	CTEFLOAT  shift 36
	CTESTR  shift 37
	MENOS  shift 38
	.  error

	cte  goto 43
	factor  goto 156


state 97
	bloque_if_error : IF condicion PARENTFIN . rama_if ENDIF  (89)
	bloque_if_error : IF condicion PARENTFIN . rama_if ELSE rama_else ENDIF  (93)

	IF  shift 8
	PRINT  shift 9
	FOR  shift 11
	ID  shift 12
	IGUALUNICO  shift 13
	LLAVEINIC  shift 40
	.  error

	sentencia_ejec  goto 41
	asign_simple  goto 21
	asign_multiple  goto 22
	bloque_if  goto 23
	bloque_for  goto 24
	sentencia_print  goto 25
	llamada_funcion  goto 26
	var_ref  goto 28
	lista_vars  goto 29
	rama_if  goto 157
	bloque_if_error  goto 30


state 98
	bloque_if_error : IF condicion rama_if . ENDIF  (91)
	bloque_if_error : IF condicion rama_if . ELSE rama_else ENDIF  (95)

	ELSE  shift 158
	ENDIF  shift 159
	.  error


state 99
	bloque_if_error : IF rama_if ELSE . rama_else ENDIF  (98)

	IF  shift 8
	PRINT  shift 9
	FOR  shift 11
	ID  shift 12
	IGUALUNICO  shift 13
	LLAVEINIC  shift 160
	.  error

	sentencia_ejec  goto 161
	asign_simple  goto 21
	asign_multiple  goto 22
	bloque_if  goto 23
	bloque_for  goto 24
	sentencia_print  goto 25
	llamada_funcion  goto 26
	var_ref  goto 28
	lista_vars  goto 29
	rama_else  goto 162
	bloque_if_error  goto 30


state 100
	bloque_if_error : IF rama_if ENDIF .  (97)

	.  reduce 97


state 101
	restofunc : PARENTINIC . lista_params_reales PARENTFIN  (80)

	error  shift 48
	TRUNC  shift 108
	ID  shift 49
	CTEINT  shift 35
	CTEFLOAT  shift 36
	CTESTR  shift 37
	MENOS  shift 38
	PARENTINIC  shift 109
	.  error

	expresion  goto 110
	cte  goto 43
	termino  goto 44
	factor  goto 45
	lista_params_reales  goto 163
	param_real_map  goto 112
	parametro_real  goto 113
	lambda_expr  goto 114


state 102
	expresion : error . MAS termino  (66)
	expresion : error . MENOS termino  (69)
	termino : error . MUL factor  (73)
	termino : error . DIV factor  (76)
	sentencia_print : PRINT PARENTINIC error . PARENTFIN  (133)

	MAS  shift 74
	MUL  shift 75
	DIV  shift 76
	MENOS  shift 77
	PARENTFIN  shift 164
	.  error


state 103
	expresion : expresion . MAS termino  (64)
	expresion : expresion . MAS error  (65)
	expresion : expresion . MENOS termino  (67)
	expresion : expresion . MENOS error  (68)
	sentencia_print : PRINT PARENTINIC expresion . PARENTFIN  (132)
	sentencia_print : PRINT PARENTINIC expresion .  (135)

	MAS  shift 92
	MENOS  shift 93
	PARENTFIN  shift 165
	$end  reduce 135
	IF  reduce 135
	PRINT  reduce 135
	RETURN  reduce 135
	INT  reduce 135
	FOR  reduce 135
	ID  reduce 135
	IGUALUNICO  reduce 135
	PUNTOYCOMA  reduce 135
	PARENTINIC  reduce 135
	LLAVEFIN  reduce 135


state 104
	sentencia_print : PRINT expresion PARENTFIN .  (134)

	.  reduce 134


state 105
	bloque_for : FOR ID FROM . CTEINT TO CTEINT PARENTFIN rama_for  (120)
	bloque_for : FOR ID FROM . CTEINT TO CTEINT rama_for  (127)

	CTEINT  shift 166
	.  error


state 106
	bloque_for : FOR PARENTINIC FROM . CTEINT TO CTEINT PARENTFIN rama_for  (121)

	CTEINT  shift 167
	.  error


state 107
	bloque_for : FOR PARENTINIC ID . FROM CTEINT TO CTEINT PARENTFIN rama_for  (119)
	bloque_for : FOR PARENTINIC ID . CTEINT TO CTEINT PARENTFIN rama_for  (122)
	bloque_for : FOR PARENTINIC ID . FROM TO CTEINT PARENTFIN rama_for  (123)
	bloque_for : FOR PARENTINIC ID . FROM CTEINT CTEINT PARENTFIN rama_for  (124)
	bloque_for : FOR PARENTINIC ID . FROM CTEINT TO PARENTFIN rama_for  (125)
	bloque_for : FOR PARENTINIC ID . FROM CTEINT TO CTEINT rama_for  (126)
	bloque_for : FOR PARENTINIC ID . FROM CTEINT TO CTEINT PARENTFIN error  (128)

	FROM  shift 168
	CTEINT  shift 169
	.  error


state 108
	parametro_real : TRUNC . PARENTINIC expresion PARENTFIN  (142)
	parametro_real : TRUNC . PARENTINIC expresion  (143)
	parametro_real : TRUNC . expresion PARENTFIN  (144)
	parametro_real : TRUNC . expresion  (145)

	error  shift 48
	ID  shift 49
	CTEINT  shift 35
	CTEFLOAT  shift 36
	CTESTR  shift 37
	MENOS  shift 38
	PARENTINIC  shift 170
	.  error

	expresion  goto 171
	cte  goto 43
	termino  goto 44
	factor  goto 45


state 109
	lambda_expr : PARENTINIC . tipo ID PARENTFIN LLAVEINIC bloque_ejecutable LLAVEFIN PARENTINIC argumento PARENTFIN  (147)
	lambda_expr : PARENTINIC . tipo ID PARENTFIN bloque_ejecutable LLAVEFIN PARENTINIC argumento PARENTFIN  (148)
	lambda_expr : PARENTINIC . tipo ID PARENTFIN LLAVEINIC bloque_ejecutable PARENTINIC argumento PARENTFIN  (149)
	lambda_expr : PARENTINIC . tipo ID PARENTFIN bloque_ejecutable PARENTINIC argumento PARENTFIN  (150)

	INT  shift 10
	.  error

	tipo  goto 172


state 110
	expresion : expresion . MAS termino  (64)
	expresion : expresion . MAS error  (65)
	expresion : expresion . MENOS termino  (67)
	expresion : expresion . MENOS error  (68)
	parametro_real : expresion .  (141)

	MAS  shift 92
	MENOS  shift 93
	FLECHA  reduce 141


state 111
	llamada_funcion : ID PARENTINIC lista_params_reales . PARENTFIN  (136)
	lista_params_reales : lista_params_reales . COMA param_real_map  (138)

	COMA  shift 173
	PARENTFIN  shift 174
	.  error


state 112
	lista_params_reales : param_real_map .  (137)

	.  reduce 137


state 113
	param_real_map : parametro_real . FLECHA ID  (139)
	param_real_map : parametro_real . FLECHA error  (140)

	FLECHA  shift 175
	.  error


state 114
	parametro_real : lambda_expr .  (146)

	.  reduce 146


state 115
	lista_ctes : lista_ctes COMA . cte  (54)
	lista_ctes : lista_ctes COMA . error  (55)

	error  shift 176
	CTEINT  shift 35
	CTEFLOAT  shift 36
	CTESTR  shift 37
	MENOS  shift 38
	.  error

	cte  goto 177


state 116
	lista_ctes : lista_ctes cte .  (56)

	.  reduce 56


state 117
	declaracion_con_asignacion : tipo error ASIGN . expresion PUNTOYCOMA  (34)

	error  shift 48
	ID  shift 49
	CTEINT  shift 35
	CTEFLOAT  shift 36
	CTESTR  shift 37
	MENOS  shift 38
	.  error

	expresion  goto 178
	cte  goto 43
	termino  goto 44
	factor  goto 45


state 118
	declaracion_con_asignacion : tipo ID error . expresion PUNTOYCOMA  (33)

	error  shift 48
	ID  shift 49
	CTEINT  shift 35
	CTEFLOAT  shift 36
	CTESTR  shift 37
	MENOS  shift 38
	.  error

	expresion  goto 179
	cte  goto 43
	termino  goto 44
	factor  goto 45


state 119
	declaracion_con_asignacion : tipo ID ASIGN . expresion PUNTOYCOMA  (30)
	declaracion_con_asignacion : tipo ID ASIGN . expresion  (31)
	declaracion_con_asignacion : tipo ID ASIGN . error PUNTOYCOMA  (32)

	error  shift 180
	ID  shift 49
	CTEINT  shift 35
	CTEFLOAT  shift 36
	CTESTR  shift 37
	MENOS  shift 38
	.  error

	expresion  goto 181
	cte  goto 43
	termino  goto 44
	factor  goto 45


state 120
	declaracion_funcion : tipo ID PARENTINIC . lista_params_formales PARENTFIN LLAVEINIC bloque return_sent LLAVEFIN  (35)
	sem_pasaje_opt : .  (44)

	CV  shift 121
	INT  reduce 44
	ID  reduce 44

	lista_params_formales  goto 182
	param_formal  goto 123
	sem_pasaje_opt  goto 124


state 121
	sem_pasaje_opt : CV .  (45)

	.  reduce 45


state 122
	declaracion_funcion_err : tipo PARENTINIC lista_params_formales . PARENTFIN LLAVEINIC bloque LLAVEFIN  (37)
	lista_params_formales : lista_params_formales . COMA param_formal  (39)
	lista_params_formales : lista_params_formales . COMA error  (40)

	COMA  shift 183
	PARENTFIN  shift 184
	.  error


state 123
	lista_params_formales : param_formal .  (38)

	.  reduce 38


state 124
	param_formal : sem_pasaje_opt . tipo ID  (41)
	param_formal : sem_pasaje_opt . tipo error  (42)
	param_formal : sem_pasaje_opt . ID  (43)

	INT  shift 10
	ID  shift 185
	.  error

	tipo  goto 186


state 125
	lista_ids : lista_ids COMA . ID  (28)
	lista_ids : lista_ids COMA . error  (29)

	error  shift 187
	ID  shift 188
	.  error


state 126
	declaracion_variable : tipo lista_ids PUNTOYCOMA .  (24)

	.  reduce 24


state 127
	asign_simple : var_ref ASIGN expresion .  (49)
	expresion : expresion . MAS termino  (64)
	expresion : expresion . MAS error  (65)
	expresion : expresion . MENOS termino  (67)
	expresion : expresion . MENOS error  (68)

	MAS  shift 92
	MENOS  shift 93
	$end  reduce 49
	IF  reduce 49
	PRINT  reduce 49
	RETURN  reduce 49
	INT  reduce 49
	FOR  reduce 49
	ID  reduce 49
	IGUALUNICO  reduce 49
	PUNTOYCOMA  reduce 49
	PARENTINIC  reduce 49
	LLAVEFIN  reduce 49


state 128
	var_ref : var_ref PUNTO ID .  (62)

	.  reduce 62


state 129
	asign_multiple : lista_vars IGUALUNICO error .  (52)

	.  reduce 52


state 130
	asign_multiple : lista_vars IGUALUNICO lista_ctes .  (50)
	lista_ctes : lista_ctes . COMA cte  (54)
	lista_ctes : lista_ctes . COMA error  (55)
	lista_ctes : lista_ctes . cte  (56)

	CTEINT  shift 35
	CTEFLOAT  shift 36
	CTESTR  shift 37
	MENOS  shift 38
	COMA  shift 115
	$end  reduce 50
	IF  reduce 50
	PRINT  reduce 50
	RETURN  reduce 50
	INT  reduce 50
	FOR  reduce 50
	ID  reduce 50
	IGUALUNICO  reduce 50
	PUNTOYCOMA  reduce 50
	PARENTINIC  reduce 50
	LLAVEFIN  reduce 50

	cte  goto 116


state 131
	lista_vars : lista_vars COMA error .  (59)

	.  reduce 59


state 132
	lista_vars : lista_vars COMA var_ref .  (58)
	var_ref : var_ref . PUNTO ID  (62)

	PUNTO  shift 64
	ID  reduce 58
	IGUALUNICO  reduce 58
	COMA  reduce 58


state 133
	termino : error . MUL factor  (73)
	termino : error . DIV factor  (76)

	MUL  shift 75
	DIV  shift 76
	.  error


state 134
	expresion : error MAS termino .  (66)
	termino : termino . MUL factor  (71)
	termino : termino . MUL error  (72)
	termino : termino . DIV factor  (74)
	termino : termino . DIV error  (75)

	MUL  shift 95
	DIV  shift 96
	$end  reduce 66
	error  reduce 66
	IF  reduce 66
	PRINT  reduce 66
	RETURN  reduce 66
	INT  reduce 66
	FOR  reduce 66
	ID  reduce 66
	FLECHA  reduce 66
	IGUAL  reduce 66
	DISTINTO  reduce 66
	MENORIGUAL  reduce 66
	MAYORIGUAL  reduce 66
	MAS  reduce 66
	MENOS  reduce 66
	IGUALUNICO  reduce 66
	MAYOR  reduce 66
	MENOR  reduce 66
	PUNTOYCOMA  reduce 66
	PARENTINIC  reduce 66
	PARENTFIN  reduce 66
	LLAVEINIC  reduce 66
	LLAVEFIN  reduce 66


state 135
	termino : error MUL factor .  (73)

	.  reduce 73


state 136
	termino : error DIV factor .  (76)

	.  reduce 76


state 137
	expresion : error MENOS termino .  (69)
	termino : termino . MUL factor  (71)
	termino : termino . MUL error  (72)
	termino : termino . DIV factor  (74)
	termino : termino . DIV error  (75)

	MUL  shift 95
	DIV  shift 96
	$end  reduce 69
	error  reduce 69
	IF  reduce 69
	PRINT  reduce 69
	RETURN  reduce 69
	INT  reduce 69
	FOR  reduce 69
	ID  reduce 69
	FLECHA  reduce 69
	IGUAL  reduce 69
	DISTINTO  reduce 69
	MENORIGUAL  reduce 69
	MAYORIGUAL  reduce 69
	MAS  reduce 69
	MENOS  reduce 69
	IGUALUNICO  reduce 69
	MAYOR  reduce 69
	MENOR  reduce 69
	PUNTOYCOMA  reduce 69
	PARENTINIC  reduce 69
	PARENTFIN  reduce 69
	LLAVEINIC  reduce 69
	LLAVEFIN  reduce 69


state 138
	expresion : expresion . MAS termino  (64)
	expresion : expresion . MAS error  (65)
	expresion : expresion . MENOS termino  (67)
	expresion : expresion . MENOS error  (68)
	condicion : error op_relacion expresion .  (105)

	MAS  shift 92
	MENOS  shift 93
	IF  reduce 105
	PRINT  reduce 105
	FOR  reduce 105
	ID  reduce 105
	IGUALUNICO  reduce 105
	PARENTFIN  reduce 105
	LLAVEINIC  reduce 105


state 139
	restofunc : PARENTINIC lista_params_reales . PARENTFIN  (80)
	llamada_funcion : ID PARENTINIC lista_params_reales . PARENTFIN  (136)
	lista_params_reales : lista_params_reales . COMA param_real_map  (138)

	COMA  shift 173
	PARENTFIN  shift 189
	.  error


state 140
	bloque_if_error : IF PARENTINIC error PARENTFIN . rama_if ENDIF  (99)
	bloque_if_error : IF PARENTINIC error PARENTFIN . rama_if ELSE rama_else ENDIF  (100)

	IF  shift 8
	PRINT  shift 9
	FOR  shift 11
	ID  shift 12
	IGUALUNICO  shift 13
	LLAVEINIC  shift 40
	.  error

	sentencia_ejec  goto 41
	asign_simple  goto 21
	asign_multiple  goto 22
	bloque_if  goto 23
	bloque_for  goto 24
	sentencia_print  goto 25
	llamada_funcion  goto 26
	var_ref  goto 28
	lista_vars  goto 29
	rama_if  goto 190
	bloque_if_error  goto 30


state 141
	bloque_if : IF PARENTINIC condicion PARENTFIN . rama_if ENDIF  (86)
	bloque_if : IF PARENTINIC condicion PARENTFIN . rama_if ELSE rama_else ENDIF  (87)
	bloque_if_error : IF PARENTINIC condicion PARENTFIN . rama_if error  (92)
	bloque_if_error : IF PARENTINIC condicion PARENTFIN . rama_if ELSE rama_else error  (96)
	bloque_if_error : IF PARENTINIC condicion PARENTFIN . error  (101)
	bloque_if_error : IF PARENTINIC condicion PARENTFIN . rama_if ELSE error  (102)

	error  shift 191
	IF  shift 8
	PRINT  shift 9
	FOR  shift 11
	ID  shift 12
	IGUALUNICO  shift 13
	LLAVEINIC  shift 40
	.  error

	sentencia_ejec  goto 41
	asign_simple  goto 21
	asign_multiple  goto 22
	bloque_if  goto 23
	bloque_for  goto 24
	sentencia_print  goto 25
	llamada_funcion  goto 26
	var_ref  goto 28
	lista_vars  goto 29
	rama_if  goto 192
	bloque_if_error  goto 30


state 142
	bloque_if_error : IF PARENTINIC condicion rama_if . ENDIF  (90)
	bloque_if_error : IF PARENTINIC condicion rama_if . ELSE rama_else ENDIF  (94)

	ELSE  shift 193
	ENDIF  shift 194
	.  error


state 143
	rama_if : LLAVEINIC bloque_ejecutable LLAVEFIN .  (114)

	.  reduce 114


state 144
	bloque_ejecutable : bloque_ejecutable sentencia_ejec . PUNTOYCOMA  (8)
	bloque_ejecutable : bloque_ejecutable sentencia_ejec .  (11)

	PUNTOYCOMA  shift 195
	IF  reduce 11
	PRINT  reduce 11
	FOR  reduce 11
	ID  reduce 11
	IGUALUNICO  reduce 11
	PARENTINIC  reduce 11
	LLAVEFIN  reduce 11


state 145
	bloque_ejecutable : sentencia_ejec PUNTOYCOMA .  (9)

	.  reduce 9


state 146
	expresion : expresion . MAS termino  (64)
	expresion : expresion . MAS error  (65)
	expresion : expresion . MENOS termino  (67)
	expresion : expresion . MENOS error  (68)
	condicion : expresion error expresion .  (104)

	MAS  shift 92
	MENOS  shift 93
	IF  reduce 104
	PRINT  reduce 104
	FOR  reduce 104
	ID  reduce 104
	IGUALUNICO  reduce 104
	PARENTFIN  reduce 104
	LLAVEINIC  reduce 104


state 147
	expresion : expresion MAS error .  (65)
	termino : error . MUL factor  (73)
	termino : error . DIV factor  (76)

	MUL  shift 75
	DIV  shift 76
	$end  reduce 65
	error  reduce 65
	IF  reduce 65
	PRINT  reduce 65
	RETURN  reduce 65
	INT  reduce 65
	FOR  reduce 65
	ID  reduce 65
	FLECHA  reduce 65
	IGUAL  reduce 65
	DISTINTO  reduce 65
	MENORIGUAL  reduce 65
	MAYORIGUAL  reduce 65
	MAS  reduce 65
	MENOS  reduce 65
	IGUALUNICO  reduce 65
	MAYOR  reduce 65
	MENOR  reduce 65
	PUNTOYCOMA  reduce 65
	PARENTINIC  reduce 65
	PARENTFIN  reduce 65
	LLAVEINIC  reduce 65
	LLAVEFIN  reduce 65


state 148
	expresion : expresion MAS termino .  (64)
	termino : termino . MUL factor  (71)
	termino : termino . MUL error  (72)
	termino : termino . DIV factor  (74)
	termino : termino . DIV error  (75)

	MUL  shift 95
	DIV  shift 96
	$end  reduce 64
	error  reduce 64
	IF  reduce 64
	PRINT  reduce 64
	RETURN  reduce 64
	INT  reduce 64
	FOR  reduce 64
	ID  reduce 64
	FLECHA  reduce 64
	IGUAL  reduce 64
	DISTINTO  reduce 64
	MENORIGUAL  reduce 64
	MAYORIGUAL  reduce 64
	MAS  reduce 64
	MENOS  reduce 64
	IGUALUNICO  reduce 64
	MAYOR  reduce 64
	MENOR  reduce 64
	PUNTOYCOMA  reduce 64
	PARENTINIC  reduce 64
	PARENTFIN  reduce 64
	LLAVEINIC  reduce 64
	LLAVEFIN  reduce 64


state 149
	expresion : expresion MENOS error .  (68)
	termino : error . MUL factor  (73)
	termino : error . DIV factor  (76)

	MUL  shift 75
	DIV  shift 76
	$end  reduce 68
	error  reduce 68
	IF  reduce 68
	PRINT  reduce 68
	RETURN  reduce 68
	INT  reduce 68
	FOR  reduce 68
	ID  reduce 68
	FLECHA  reduce 68
	IGUAL  reduce 68
	DISTINTO  reduce 68
	MENORIGUAL  reduce 68
	MAYORIGUAL  reduce 68
	MAS  reduce 68
	MENOS  reduce 68
	IGUALUNICO  reduce 68
	MAYOR  reduce 68
	MENOR  reduce 68
	PUNTOYCOMA  reduce 68
	PARENTINIC  reduce 68
	PARENTFIN  reduce 68
	LLAVEINIC  reduce 68
	LLAVEFIN  reduce 68


state 150
	expresion : expresion MENOS termino .  (67)
	termino : termino . MUL factor  (71)
	termino : termino . MUL error  (72)
	termino : termino . DIV factor  (74)
	termino : termino . DIV error  (75)

	MUL  shift 95
	DIV  shift 96
	$end  reduce 67
	error  reduce 67
	IF  reduce 67
	PRINT  reduce 67
	RETURN  reduce 67
	INT  reduce 67
	FOR  reduce 67
	ID  reduce 67
	FLECHA  reduce 67
	IGUAL  reduce 67
	DISTINTO  reduce 67
	MENORIGUAL  reduce 67
	MAYORIGUAL  reduce 67
	MAS  reduce 67
	MENOS  reduce 67
	IGUALUNICO  reduce 67
	MAYOR  reduce 67
	MENOR  reduce 67
	PUNTOYCOMA  reduce 67
	PARENTINIC  reduce 67
	PARENTFIN  reduce 67
	LLAVEINIC  reduce 67
	LLAVEFIN  reduce 67


state 151
	expresion : error . MAS termino  (66)
	expresion : error . MENOS termino  (69)
	termino : error . MUL factor  (73)
	termino : error . DIV factor  (76)
	condicion : expresion op_relacion error .  (106)

	MAS  shift 74
	MUL  shift 75
	DIV  shift 76
	MENOS  shift 77
	IF  reduce 106
	PRINT  reduce 106
	FOR  reduce 106
	ID  reduce 106
	IGUALUNICO  reduce 106
	PARENTFIN  reduce 106
	LLAVEINIC  reduce 106


state 152
	expresion : expresion . MAS termino  (64)
	expresion : expresion . MAS error  (65)
	expresion : expresion . MENOS termino  (67)
	expresion : expresion . MENOS error  (68)
	condicion : expresion op_relacion expresion .  (103)

	MAS  shift 92
	MENOS  shift 93
	IF  reduce 103
	PRINT  reduce 103
	FOR  reduce 103
	ID  reduce 103
	IGUALUNICO  reduce 103
	PARENTFIN  reduce 103
	LLAVEINIC  reduce 103


state 153
	termino : termino MUL error .  (72)

	.  reduce 72


state 154
	termino : termino MUL factor .  (71)

	.  reduce 71


state 155
	termino : termino DIV error .  (75)

	.  reduce 75


state 156
	termino : termino DIV factor .  (74)

	.  reduce 74


state 157
	bloque_if_error : IF condicion PARENTFIN rama_if . ENDIF  (89)
	bloque_if_error : IF condicion PARENTFIN rama_if . ELSE rama_else ENDIF  (93)

	ELSE  shift 196
	ENDIF  shift 197
	.  error


state 158
	bloque_if_error : IF condicion rama_if ELSE . rama_else ENDIF  (95)

	IF  shift 8
	PRINT  shift 9
	FOR  shift 11
	ID  shift 12
	IGUALUNICO  shift 13
	LLAVEINIC  shift 160
	.  error

	sentencia_ejec  goto 161
	asign_simple  goto 21
	asign_multiple  goto 22
	bloque_if  goto 23
	bloque_for  goto 24
	sentencia_print  goto 25
	llamada_funcion  goto 26
	var_ref  goto 28
	lista_vars  goto 29
	rama_else  goto 198
	bloque_if_error  goto 30


state 159
	bloque_if_error : IF condicion rama_if ENDIF .  (91)

	.  reduce 91


state 160
	rama_else : LLAVEINIC . bloque_ejecutable LLAVEFIN  (117)
	rama_else : LLAVEINIC . LLAVEFIN  (118)

	IF  shift 8
	PRINT  shift 9
	FOR  shift 11
	ID  shift 12
	IGUALUNICO  shift 13
	LLAVEFIN  shift 199
	.  error

	bloque_ejecutable  goto 200
	sentencia_ejec  goto 89
	asign_simple  goto 21
	asign_multiple  goto 22
	bloque_if  goto 23
	bloque_for  goto 24
	sentencia_print  goto 25
	llamada_funcion  goto 26
	var_ref  goto 28
	lista_vars  goto 29
	bloque_if_error  goto 30


state 161
	rama_else : sentencia_ejec . PUNTOYCOMA  (116)

	PUNTOYCOMA  shift 201
	.  error


state 162
	bloque_if_error : IF rama_if ELSE rama_else . ENDIF  (98)

	ENDIF  shift 202
	.  error


state 163
	restofunc : PARENTINIC lista_params_reales . PARENTFIN  (80)
	lista_params_reales : lista_params_reales . COMA param_real_map  (138)

	COMA  shift 173
	PARENTFIN  shift 203
	.  error


state 164
	sentencia_print : PRINT PARENTINIC error PARENTFIN .  (133)

	.  reduce 133


state 165
	sentencia_print : PRINT PARENTINIC expresion PARENTFIN .  (132)

	.  reduce 132


state 166
	bloque_for : FOR ID FROM CTEINT . TO CTEINT PARENTFIN rama_for  (120)
	bloque_for : FOR ID FROM CTEINT . TO CTEINT rama_for  (127)

	TO  shift 204
	.  error


state 167
	bloque_for : FOR PARENTINIC FROM CTEINT . TO CTEINT PARENTFIN rama_for  (121)

	TO  shift 205
	.  error


state 168
	bloque_for : FOR PARENTINIC ID FROM . CTEINT TO CTEINT PARENTFIN rama_for  (119)
	bloque_for : FOR PARENTINIC ID FROM . TO CTEINT PARENTFIN rama_for  (123)
	bloque_for : FOR PARENTINIC ID FROM . CTEINT CTEINT PARENTFIN rama_for  (124)
	bloque_for : FOR PARENTINIC ID FROM . CTEINT TO PARENTFIN rama_for  (125)
	bloque_for : FOR PARENTINIC ID FROM . CTEINT TO CTEINT rama_for  (126)
	bloque_for : FOR PARENTINIC ID FROM . CTEINT TO CTEINT PARENTFIN error  (128)

	TO  shift 206
	CTEINT  shift 207
	.  error


state 169
	bloque_for : FOR PARENTINIC ID CTEINT . TO CTEINT PARENTFIN rama_for  (122)

	TO  shift 208
	.  error


state 170
	parametro_real : TRUNC PARENTINIC . expresion PARENTFIN  (142)
	parametro_real : TRUNC PARENTINIC . expresion  (143)

	error  shift 48
	ID  shift 49
	CTEINT  shift 35
	CTEFLOAT  shift 36
	CTESTR  shift 37
	MENOS  shift 38
	.  error

	expresion  goto 209
	cte  goto 43
	termino  goto 44
	factor  goto 45


state 171
	expresion : expresion . MAS termino  (64)
	expresion : expresion . MAS error  (65)
	expresion : expresion . MENOS termino  (67)
	expresion : expresion . MENOS error  (68)
	parametro_real : TRUNC expresion . PARENTFIN  (144)
	parametro_real : TRUNC expresion .  (145)

	MAS  shift 92
	MENOS  shift 93
	PARENTFIN  shift 210
	FLECHA  reduce 145


state 172
	lambda_expr : PARENTINIC tipo . ID PARENTFIN LLAVEINIC bloque_ejecutable LLAVEFIN PARENTINIC argumento PARENTFIN  (147)
	lambda_expr : PARENTINIC tipo . ID PARENTFIN bloque_ejecutable LLAVEFIN PARENTINIC argumento PARENTFIN  (148)
	lambda_expr : PARENTINIC tipo . ID PARENTFIN LLAVEINIC bloque_ejecutable PARENTINIC argumento PARENTFIN  (149)
	lambda_expr : PARENTINIC tipo . ID PARENTFIN bloque_ejecutable PARENTINIC argumento PARENTFIN  (150)

	ID  shift 211
	.  error


state 173
	lista_params_reales : lista_params_reales COMA . param_real_map  (138)

	error  shift 48
	TRUNC  shift 108
	ID  shift 49
	CTEINT  shift 35
	CTEFLOAT  shift 36
	CTESTR  shift 37
	MENOS  shift 38
	PARENTINIC  shift 109
	.  error

	expresion  goto 110
	cte  goto 43
	termino  goto 44
	factor  goto 45
	param_real_map  goto 212
	parametro_real  goto 113
	lambda_expr  goto 114


state 174
	llamada_funcion : ID PARENTINIC lista_params_reales PARENTFIN .  (136)

	.  reduce 136


state 175
	param_real_map : parametro_real FLECHA . ID  (139)
	param_real_map : parametro_real FLECHA . error  (140)

	error  shift 213
	ID  shift 214
	.  error


state 176
	lista_ctes : lista_ctes COMA error .  (55)

	.  reduce 55


state 177
	lista_ctes : lista_ctes COMA cte .  (54)

	.  reduce 54


state 178
	declaracion_con_asignacion : tipo error ASIGN expresion . PUNTOYCOMA  (34)
	expresion : expresion . MAS termino  (64)
	expresion : expresion . MAS error  (65)
	expresion : expresion . MENOS termino  (67)
	expresion : expresion . MENOS error  (68)

	MAS  shift 92
	MENOS  shift 93
	PUNTOYCOMA  shift 215
	.  error


state 179
	declaracion_con_asignacion : tipo ID error expresion . PUNTOYCOMA  (33)
	expresion : expresion . MAS termino  (64)
	expresion : expresion . MAS error  (65)
	expresion : expresion . MENOS termino  (67)
	expresion : expresion . MENOS error  (68)

	MAS  shift 92
	MENOS  shift 93
	PUNTOYCOMA  shift 216
	.  error


state 180
	declaracion_con_asignacion : tipo ID ASIGN error . PUNTOYCOMA  (32)
	expresion : error . MAS termino  (66)
	expresion : error . MENOS termino  (69)
	termino : error . MUL factor  (73)
	termino : error . DIV factor  (76)

	MAS  shift 74
	MUL  shift 75
	DIV  shift 76
	MENOS  shift 77
	PUNTOYCOMA  shift 217
	.  error


state 181
	declaracion_con_asignacion : tipo ID ASIGN expresion . PUNTOYCOMA  (30)
	declaracion_con_asignacion : tipo ID ASIGN expresion .  (31)
	expresion : expresion . MAS termino  (64)
	expresion : expresion . MAS error  (65)
	expresion : expresion . MENOS termino  (67)
	expresion : expresion . MENOS error  (68)

	MAS  shift 92
	MENOS  shift 93
	PUNTOYCOMA  shift 218
	$end  reduce 31
	IF  reduce 31
	PRINT  reduce 31
	RETURN  reduce 31
	INT  reduce 31
	FOR  reduce 31
	ID  reduce 31
	IGUALUNICO  reduce 31
	LLAVEFIN  reduce 31


state 182
	declaracion_funcion : tipo ID PARENTINIC lista_params_formales . PARENTFIN LLAVEINIC bloque return_sent LLAVEFIN  (35)
	lista_params_formales : lista_params_formales . COMA param_formal  (39)
	lista_params_formales : lista_params_formales . COMA error  (40)

	COMA  shift 183
	PARENTFIN  shift 219
	.  error


state 183
	lista_params_formales : lista_params_formales COMA . param_formal  (39)
	lista_params_formales : lista_params_formales COMA . error  (40)
	sem_pasaje_opt : .  (44)

	error  shift 220
	CV  shift 121
	INT  reduce 44
	ID  reduce 44

	param_formal  goto 221
	sem_pasaje_opt  goto 124


state 184
	declaracion_funcion_err : tipo PARENTINIC lista_params_formales PARENTFIN . LLAVEINIC bloque LLAVEFIN  (37)

	LLAVEINIC  shift 222
	.  error


state 185
	param_formal : sem_pasaje_opt ID .  (43)

	.  reduce 43


state 186
	param_formal : sem_pasaje_opt tipo . ID  (41)
	param_formal : sem_pasaje_opt tipo . error  (42)

	error  shift 223
	ID  shift 224
	.  error


state 187
	lista_ids : lista_ids COMA error .  (29)

	.  reduce 29


state 188
	lista_ids : lista_ids COMA ID .  (28)

	.  reduce 28


state 189
	restofunc : PARENTINIC lista_params_reales PARENTFIN .  (80)
	llamada_funcion : ID PARENTINIC lista_params_reales PARENTFIN .  (136)

	error  reduce 80
	IGUAL  reduce 80
	DISTINTO  reduce 80
	MENORIGUAL  reduce 80
	MAYORIGUAL  reduce 80
	MAS  reduce 80
	MUL  reduce 80
	DIV  reduce 80
	MENOS  reduce 80
	MAYOR  reduce 80
	MENOR  reduce 80
	PUNTOYCOMA  reduce 136


state 190
	bloque_if_error : IF PARENTINIC error PARENTFIN rama_if . ENDIF  (99)
	bloque_if_error : IF PARENTINIC error PARENTFIN rama_if . ELSE rama_else ENDIF  (100)

	ELSE  shift 225
	ENDIF  shift 226
	.  error


state 191
	bloque_if_error : IF PARENTINIC condicion PARENTFIN error .  (101)

	.  reduce 101


state 192
	bloque_if : IF PARENTINIC condicion PARENTFIN rama_if . ENDIF  (86)
	bloque_if : IF PARENTINIC condicion PARENTFIN rama_if . ELSE rama_else ENDIF  (87)
	bloque_if_error : IF PARENTINIC condicion PARENTFIN rama_if . error  (92)
	bloque_if_error : IF PARENTINIC condicion PARENTFIN rama_if . ELSE rama_else error  (96)
	bloque_if_error : IF PARENTINIC condicion PARENTFIN rama_if . ELSE error  (102)

	error  shift 227
	ELSE  shift 228
	ENDIF  shift 229
	.  error


state 193
	bloque_if_error : IF PARENTINIC condicion rama_if ELSE . rama_else ENDIF  (94)

	IF  shift 8
	PRINT  shift 9
	FOR  shift 11
	ID  shift 12
	IGUALUNICO  shift 13
	LLAVEINIC  shift 160
	.  error

	sentencia_ejec  goto 161
	asign_simple  goto 21
	asign_multiple  goto 22
	bloque_if  goto 23
	bloque_for  goto 24
	sentencia_print  goto 25
	llamada_funcion  goto 26
	var_ref  goto 28
	lista_vars  goto 29
	rama_else  goto 230
	bloque_if_error  goto 30


state 194
	bloque_if_error : IF PARENTINIC condicion rama_if ENDIF .  (90)

	.  reduce 90


state 195
	bloque_ejecutable : bloque_ejecutable sentencia_ejec PUNTOYCOMA .  (8)

	.  reduce 8


state 196
	bloque_if_error : IF condicion PARENTFIN rama_if ELSE . rama_else ENDIF  (93)

	IF  shift 8
	PRINT  shift 9
	FOR  shift 11
	ID  shift 12
	IGUALUNICO  shift 13
	LLAVEINIC  shift 160
	.  error

	sentencia_ejec  goto 161
	asign_simple  goto 21
	asign_multiple  goto 22
	bloque_if  goto 23
	bloque_for  goto 24
	sentencia_print  goto 25
	llamada_funcion  goto 26
	var_ref  goto 28
	lista_vars  goto 29
	rama_else  goto 231
	bloque_if_error  goto 30


state 197
	bloque_if_error : IF condicion PARENTFIN rama_if ENDIF .  (89)

	.  reduce 89


state 198
	bloque_if_error : IF condicion rama_if ELSE rama_else . ENDIF  (95)

	ENDIF  shift 232
	.  error


state 199
	rama_else : LLAVEINIC LLAVEFIN .  (118)

	.  reduce 118


state 200
	bloque_ejecutable : bloque_ejecutable . sentencia_ejec PUNTOYCOMA  (8)
	bloque_ejecutable : bloque_ejecutable . sentencia_ejec  (11)
	rama_else : LLAVEINIC bloque_ejecutable . LLAVEFIN  (117)

	IF  shift 8
	PRINT  shift 9
	FOR  shift 11
	ID  shift 12
	IGUALUNICO  shift 13
	LLAVEFIN  shift 233
	.  error

	sentencia_ejec  goto 144
	asign_simple  goto 21
	asign_multiple  goto 22
	bloque_if  goto 23
	bloque_for  goto 24
	sentencia_print  goto 25
	llamada_funcion  goto 26
	var_ref  goto 28
	lista_vars  goto 29
	bloque_if_error  goto 30


state 201
	rama_else : sentencia_ejec PUNTOYCOMA .  (116)

	.  reduce 116


state 202
	bloque_if_error : IF rama_if ELSE rama_else ENDIF .  (98)

	.  reduce 98


state 203
	restofunc : PARENTINIC lista_params_reales PARENTFIN .  (80)

	.  reduce 80


state 204
	bloque_for : FOR ID FROM CTEINT TO . CTEINT PARENTFIN rama_for  (120)
	bloque_for : FOR ID FROM CTEINT TO . CTEINT rama_for  (127)

	CTEINT  shift 234
	.  error


state 205
	bloque_for : FOR PARENTINIC FROM CTEINT TO . CTEINT PARENTFIN rama_for  (121)

	CTEINT  shift 235
	.  error


state 206
	bloque_for : FOR PARENTINIC ID FROM TO . CTEINT PARENTFIN rama_for  (123)

	CTEINT  shift 236
	.  error


state 207
	bloque_for : FOR PARENTINIC ID FROM CTEINT . TO CTEINT PARENTFIN rama_for  (119)
	bloque_for : FOR PARENTINIC ID FROM CTEINT . CTEINT PARENTFIN rama_for  (124)
	bloque_for : FOR PARENTINIC ID FROM CTEINT . TO PARENTFIN rama_for  (125)
	bloque_for : FOR PARENTINIC ID FROM CTEINT . TO CTEINT rama_for  (126)
	bloque_for : FOR PARENTINIC ID FROM CTEINT . TO CTEINT PARENTFIN error  (128)

	TO  shift 237
	CTEINT  shift 238
	.  error


state 208
	bloque_for : FOR PARENTINIC ID CTEINT TO . CTEINT PARENTFIN rama_for  (122)

	CTEINT  shift 239
	.  error


state 209
	expresion : expresion . MAS termino  (64)
	expresion : expresion . MAS error  (65)
	expresion : expresion . MENOS termino  (67)
	expresion : expresion . MENOS error  (68)
	parametro_real : TRUNC PARENTINIC expresion . PARENTFIN  (142)
	parametro_real : TRUNC PARENTINIC expresion .  (143)

	MAS  shift 92
	MENOS  shift 93
	PARENTFIN  shift 240
	FLECHA  reduce 143


state 210
	parametro_real : TRUNC expresion PARENTFIN .  (144)

	.  reduce 144


state 211
	lambda_expr : PARENTINIC tipo ID . PARENTFIN LLAVEINIC bloque_ejecutable LLAVEFIN PARENTINIC argumento PARENTFIN  (147)
	lambda_expr : PARENTINIC tipo ID . PARENTFIN bloque_ejecutable LLAVEFIN PARENTINIC argumento PARENTFIN  (148)
	lambda_expr : PARENTINIC tipo ID . PARENTFIN LLAVEINIC bloque_ejecutable PARENTINIC argumento PARENTFIN  (149)
	lambda_expr : PARENTINIC tipo ID . PARENTFIN bloque_ejecutable PARENTINIC argumento PARENTFIN  (150)

	PARENTFIN  shift 241
	.  error


state 212
	lista_params_reales : lista_params_reales COMA param_real_map .  (138)

	.  reduce 138


state 213
	param_real_map : parametro_real FLECHA error .  (140)

	.  reduce 140


state 214
	param_real_map : parametro_real FLECHA ID .  (139)

	.  reduce 139


state 215
	declaracion_con_asignacion : tipo error ASIGN expresion PUNTOYCOMA .  (34)

	.  reduce 34


state 216
	declaracion_con_asignacion : tipo ID error expresion PUNTOYCOMA .  (33)

	.  reduce 33


state 217
	declaracion_con_asignacion : tipo ID ASIGN error PUNTOYCOMA .  (32)

	.  reduce 32


state 218
	declaracion_con_asignacion : tipo ID ASIGN expresion PUNTOYCOMA .  (30)

	.  reduce 30


state 219
	declaracion_funcion : tipo ID PARENTINIC lista_params_formales PARENTFIN . LLAVEINIC bloque return_sent LLAVEFIN  (35)

	LLAVEINIC  shift 242
	.  error


state 220
	lista_params_formales : lista_params_formales COMA error .  (40)

	.  reduce 40


state 221
	lista_params_formales : lista_params_formales COMA param_formal .  (39)

	.  reduce 39


state 222
	declaracion_funcion_err : tipo PARENTINIC lista_params_formales PARENTFIN LLAVEINIC . bloque LLAVEFIN  (37)
	bloque : .  (6)

	.  reduce 6

	bloque  goto 243


state 223
	param_formal : sem_pasaje_opt tipo error .  (42)

	.  reduce 42


state 224
	param_formal : sem_pasaje_opt tipo ID .  (41)

	.  reduce 41


state 225
	bloque_if_error : IF PARENTINIC error PARENTFIN rama_if ELSE . rama_else ENDIF  (100)

	IF  shift 8
	PRINT  shift 9
	FOR  shift 11
	ID  shift 12
	IGUALUNICO  shift 13
	LLAVEINIC  shift 160
	.  error

	sentencia_ejec  goto 161
	asign_simple  goto 21
	asign_multiple  goto 22
	bloque_if  goto 23
	bloque_for  goto 24
	sentencia_print  goto 25
	llamada_funcion  goto 26
	var_ref  goto 28
	lista_vars  goto 29
	rama_else  goto 244
	bloque_if_error  goto 30


state 226
	bloque_if_error : IF PARENTINIC error PARENTFIN rama_if ENDIF .  (99)

	.  reduce 99


state 227
	bloque_if_error : IF PARENTINIC condicion PARENTFIN rama_if error .  (92)

	.  reduce 92


state 228
	bloque_if : IF PARENTINIC condicion PARENTFIN rama_if ELSE . rama_else ENDIF  (87)
	bloque_if_error : IF PARENTINIC condicion PARENTFIN rama_if ELSE . rama_else error  (96)
	bloque_if_error : IF PARENTINIC condicion PARENTFIN rama_if ELSE . error  (102)

	error  shift 245
	IF  shift 8
	PRINT  shift 9
	FOR  shift 11
	ID  shift 12
	IGUALUNICO  shift 13
	LLAVEINIC  shift 160
	.  error

	sentencia_ejec  goto 161
	asign_simple  goto 21
	asign_multiple  goto 22
	bloque_if  goto 23
	bloque_for  goto 24
	sentencia_print  goto 25
	llamada_funcion  goto 26
	var_ref  goto 28
	lista_vars  goto 29
	rama_else  goto 246
	bloque_if_error  goto 30


state 229
	bloque_if : IF PARENTINIC condicion PARENTFIN rama_if ENDIF .  (86)

	.  reduce 86


state 230
	bloque_if_error : IF PARENTINIC condicion rama_if ELSE rama_else . ENDIF  (94)

	ENDIF  shift 247
	.  error


state 231
	bloque_if_error : IF condicion PARENTFIN rama_if ELSE rama_else . ENDIF  (93)

	ENDIF  shift 248
	.  error


state 232
	bloque_if_error : IF condicion rama_if ELSE rama_else ENDIF .  (95)

	.  reduce 95


state 233
	rama_else : LLAVEINIC bloque_ejecutable LLAVEFIN .  (117)

	.  reduce 117


state 234
	bloque_for : FOR ID FROM CTEINT TO CTEINT . PARENTFIN rama_for  (120)
	bloque_for : FOR ID FROM CTEINT TO CTEINT . rama_for  (127)

	IF  shift 8
	PRINT  shift 9
	FOR  shift 11
	ID  shift 12
	IGUALUNICO  shift 13
	PARENTFIN  shift 249
	LLAVEINIC  shift 250
	.  error

	sentencia_ejec  goto 251
	asign_simple  goto 21
	asign_multiple  goto 22
	bloque_if  goto 23
	bloque_for  goto 24
	sentencia_print  goto 25
	llamada_funcion  goto 26
	var_ref  goto 28
	lista_vars  goto 29
	bloque_if_error  goto 30
	rama_for  goto 252


state 235
	bloque_for : FOR PARENTINIC FROM CTEINT TO CTEINT . PARENTFIN rama_for  (121)

	PARENTFIN  shift 253
	.  error


state 236
	bloque_for : FOR PARENTINIC ID FROM TO CTEINT . PARENTFIN rama_for  (123)

	PARENTFIN  shift 254
	.  error


state 237
	bloque_for : FOR PARENTINIC ID FROM CTEINT TO . CTEINT PARENTFIN rama_for  (119)
	bloque_for : FOR PARENTINIC ID FROM CTEINT TO . PARENTFIN rama_for  (125)
	bloque_for : FOR PARENTINIC ID FROM CTEINT TO . CTEINT rama_for  (126)
	bloque_for : FOR PARENTINIC ID FROM CTEINT TO . CTEINT PARENTFIN error  (128)

	CTEINT  shift 255
	PARENTFIN  shift 256
	.  error


state 238
	bloque_for : FOR PARENTINIC ID FROM CTEINT CTEINT . PARENTFIN rama_for  (124)

	PARENTFIN  shift 257
	.  error


state 239
	bloque_for : FOR PARENTINIC ID CTEINT TO CTEINT . PARENTFIN rama_for  (122)

	PARENTFIN  shift 258
	.  error


state 240
	parametro_real : TRUNC PARENTINIC expresion PARENTFIN .  (142)

	.  reduce 142


state 241
	lambda_expr : PARENTINIC tipo ID PARENTFIN . LLAVEINIC bloque_ejecutable LLAVEFIN PARENTINIC argumento PARENTFIN  (147)
	lambda_expr : PARENTINIC tipo ID PARENTFIN . bloque_ejecutable LLAVEFIN PARENTINIC argumento PARENTFIN  (148)
	lambda_expr : PARENTINIC tipo ID PARENTFIN . LLAVEINIC bloque_ejecutable PARENTINIC argumento PARENTFIN  (149)
	lambda_expr : PARENTINIC tipo ID PARENTFIN . bloque_ejecutable PARENTINIC argumento PARENTFIN  (150)

	IF  shift 8
	PRINT  shift 9
	FOR  shift 11
	ID  shift 12
	IGUALUNICO  shift 13
	LLAVEINIC  shift 259
	.  error

	bloque_ejecutable  goto 260
	sentencia_ejec  goto 89
	asign_simple  goto 21
	asign_multiple  goto 22
	bloque_if  goto 23
	bloque_for  goto 24
	sentencia_print  goto 25
	llamada_funcion  goto 26
	var_ref  goto 28
	lista_vars  goto 29
	bloque_if_error  goto 30


state 242
	declaracion_funcion : tipo ID PARENTINIC lista_params_formales PARENTFIN LLAVEINIC . bloque return_sent LLAVEFIN  (35)
	bloque : .  (6)

	.  reduce 6

	bloque  goto 261


state 243
	bloque : bloque . sentencia  (7)
	declaracion_funcion_err : tipo PARENTINIC lista_params_formales PARENTFIN LLAVEINIC bloque . LLAVEFIN  (37)

	IF  shift 8
	PRINT  shift 9
	INT  shift 10
	FOR  shift 11
	ID  shift 12
	IGUALUNICO  shift 13
	LLAVEFIN  shift 262
	.  error

	sentencia  goto 15
	sentencia_ejec  goto 16
	tipo  goto 17
	declaracion_variable  goto 18
	declaracion_con_asignacion  goto 19
	declaracion_funcion  goto 20
	asign_simple  goto 21
	asign_multiple  goto 22
	bloque_if  goto 23
	bloque_for  goto 24
	sentencia_print  goto 25
	llamada_funcion  goto 26
	declaracion_funcion_err  goto 27
	var_ref  goto 28
	lista_vars  goto 29
	bloque_if_error  goto 30


state 244
	bloque_if_error : IF PARENTINIC error PARENTFIN rama_if ELSE rama_else . ENDIF  (100)

	ENDIF  shift 263
	.  error


state 245
	bloque_if_error : IF PARENTINIC condicion PARENTFIN rama_if ELSE error .  (102)

	.  reduce 102


state 246
	bloque_if : IF PARENTINIC condicion PARENTFIN rama_if ELSE rama_else . ENDIF  (87)
	bloque_if_error : IF PARENTINIC condicion PARENTFIN rama_if ELSE rama_else . error  (96)

	error  shift 264
	ENDIF  shift 265
	.  error


state 247
	bloque_if_error : IF PARENTINIC condicion rama_if ELSE rama_else ENDIF .  (94)

	.  reduce 94


state 248
	bloque_if_error : IF condicion PARENTFIN rama_if ELSE rama_else ENDIF .  (93)

	.  reduce 93


state 249
	bloque_for : FOR ID FROM CTEINT TO CTEINT PARENTFIN . rama_for  (120)

	IF  shift 8
	PRINT  shift 9
	FOR  shift 11
	ID  shift 12
	IGUALUNICO  shift 13
	LLAVEINIC  shift 250
	.  error

	sentencia_ejec  goto 251
	asign_simple  goto 21
	asign_multiple  goto 22
	bloque_if  goto 23
	bloque_for  goto 24
	sentencia_print  goto 25
	llamada_funcion  goto 26
	var_ref  goto 28
	lista_vars  goto 29
	bloque_if_error  goto 30
	rama_for  goto 266


state 250
	rama_for : LLAVEINIC . bloque_ejecutable LLAVEFIN  (130)
	rama_for : LLAVEINIC . LLAVEFIN  (131)

	IF  shift 8
	PRINT  shift 9
	FOR  shift 11
	ID  shift 12
	IGUALUNICO  shift 13
	LLAVEFIN  shift 267
	.  error

	bloque_ejecutable  goto 268
	sentencia_ejec  goto 89
	asign_simple  goto 21
	asign_multiple  goto 22
	bloque_if  goto 23
	bloque_for  goto 24
	sentencia_print  goto 25
	llamada_funcion  goto 26
	var_ref  goto 28
	lista_vars  goto 29
	bloque_if_error  goto 30


state 251
	rama_for : sentencia_ejec .  (129)

	.  reduce 129


state 252
	bloque_for : FOR ID FROM CTEINT TO CTEINT rama_for .  (127)

	.  reduce 127


state 253
	bloque_for : FOR PARENTINIC FROM CTEINT TO CTEINT PARENTFIN . rama_for  (121)

	IF  shift 8
	PRINT  shift 9
	FOR  shift 11
	ID  shift 12
	IGUALUNICO  shift 13
	LLAVEINIC  shift 250
	.  error

	sentencia_ejec  goto 251
	asign_simple  goto 21
	asign_multiple  goto 22
	bloque_if  goto 23
	bloque_for  goto 24
	sentencia_print  goto 25
	llamada_funcion  goto 26
	var_ref  goto 28
	lista_vars  goto 29
	bloque_if_error  goto 30
	rama_for  goto 269


state 254
	bloque_for : FOR PARENTINIC ID FROM TO CTEINT PARENTFIN . rama_for  (123)

	IF  shift 8
	PRINT  shift 9
	FOR  shift 11
	ID  shift 12
	IGUALUNICO  shift 13
	LLAVEINIC  shift 250
	.  error

	sentencia_ejec  goto 251
	asign_simple  goto 21
	asign_multiple  goto 22
	bloque_if  goto 23
	bloque_for  goto 24
	sentencia_print  goto 25
	llamada_funcion  goto 26
	var_ref  goto 28
	lista_vars  goto 29
	bloque_if_error  goto 30
	rama_for  goto 270


state 255
	bloque_for : FOR PARENTINIC ID FROM CTEINT TO CTEINT . PARENTFIN rama_for  (119)
	bloque_for : FOR PARENTINIC ID FROM CTEINT TO CTEINT . rama_for  (126)
	bloque_for : FOR PARENTINIC ID FROM CTEINT TO CTEINT . PARENTFIN error  (128)

	IF  shift 8
	PRINT  shift 9
	FOR  shift 11
	ID  shift 12
	IGUALUNICO  shift 13
	PARENTFIN  shift 271
	LLAVEINIC  shift 250
	.  error

	sentencia_ejec  goto 251
	asign_simple  goto 21
	asign_multiple  goto 22
	bloque_if  goto 23
	bloque_for  goto 24
	sentencia_print  goto 25
	llamada_funcion  goto 26
	var_ref  goto 28
	lista_vars  goto 29
	bloque_if_error  goto 30
	rama_for  goto 272


state 256
	bloque_for : FOR PARENTINIC ID FROM CTEINT TO PARENTFIN . rama_for  (125)

	IF  shift 8
	PRINT  shift 9
	FOR  shift 11
	ID  shift 12
	IGUALUNICO  shift 13
	LLAVEINIC  shift 250
	.  error

	sentencia_ejec  goto 251
	asign_simple  goto 21
	asign_multiple  goto 22
	bloque_if  goto 23
	bloque_for  goto 24
	sentencia_print  goto 25
	llamada_funcion  goto 26
	var_ref  goto 28
	lista_vars  goto 29
	bloque_if_error  goto 30
	rama_for  goto 273


state 257
	bloque_for : FOR PARENTINIC ID FROM CTEINT CTEINT PARENTFIN . rama_for  (124)

	IF  shift 8
	PRINT  shift 9
	FOR  shift 11
	ID  shift 12
	IGUALUNICO  shift 13
	LLAVEINIC  shift 250
	.  error

	sentencia_ejec  goto 251
	asign_simple  goto 21
	asign_multiple  goto 22
	bloque_if  goto 23
	bloque_for  goto 24
	sentencia_print  goto 25
	llamada_funcion  goto 26
	var_ref  goto 28
	lista_vars  goto 29
	bloque_if_error  goto 30
	rama_for  goto 274


state 258
	bloque_for : FOR PARENTINIC ID CTEINT TO CTEINT PARENTFIN . rama_for  (122)

	IF  shift 8
	PRINT  shift 9
	FOR  shift 11
	ID  shift 12
	IGUALUNICO  shift 13
	LLAVEINIC  shift 250
	.  error

	sentencia_ejec  goto 251
	asign_simple  goto 21
	asign_multiple  goto 22
	bloque_if  goto 23
	bloque_for  goto 24
	sentencia_print  goto 25
	llamada_funcion  goto 26
	var_ref  goto 28
	lista_vars  goto 29
	bloque_if_error  goto 30
	rama_for  goto 275


state 259
	lambda_expr : PARENTINIC tipo ID PARENTFIN LLAVEINIC . bloque_ejecutable LLAVEFIN PARENTINIC argumento PARENTFIN  (147)
	lambda_expr : PARENTINIC tipo ID PARENTFIN LLAVEINIC . bloque_ejecutable PARENTINIC argumento PARENTFIN  (149)

	IF  shift 8
	PRINT  shift 9
	FOR  shift 11
	ID  shift 12
	IGUALUNICO  shift 13
	.  error

	bloque_ejecutable  goto 276
	sentencia_ejec  goto 89
	asign_simple  goto 21
	asign_multiple  goto 22
	bloque_if  goto 23
	bloque_for  goto 24
	sentencia_print  goto 25
	llamada_funcion  goto 26
	var_ref  goto 28
	lista_vars  goto 29
	bloque_if_error  goto 30


state 260
	bloque_ejecutable : bloque_ejecutable . sentencia_ejec PUNTOYCOMA  (8)
	bloque_ejecutable : bloque_ejecutable . sentencia_ejec  (11)
	lambda_expr : PARENTINIC tipo ID PARENTFIN bloque_ejecutable . LLAVEFIN PARENTINIC argumento PARENTFIN  (148)
	lambda_expr : PARENTINIC tipo ID PARENTFIN bloque_ejecutable . PARENTINIC argumento PARENTFIN  (150)

	IF  shift 8
	PRINT  shift 9
	FOR  shift 11
	ID  shift 12
	IGUALUNICO  shift 13
	PARENTINIC  shift 277
	LLAVEFIN  shift 278
	.  error

	sentencia_ejec  goto 144
	asign_simple  goto 21
	asign_multiple  goto 22
	bloque_if  goto 23
	bloque_for  goto 24
	sentencia_print  goto 25
	llamada_funcion  goto 26
	var_ref  goto 28
	lista_vars  goto 29
	bloque_if_error  goto 30


state 261
	bloque : bloque . sentencia  (7)
	declaracion_funcion : tipo ID PARENTINIC lista_params_formales PARENTFIN LLAVEINIC bloque . return_sent LLAVEFIN  (35)
	return_sent : .  (48)

	IF  shift 8
	PRINT  shift 9
	RETURN  shift 279
	INT  shift 10
	FOR  shift 11
	ID  shift 12
	IGUALUNICO  shift 13
	LLAVEFIN  reduce 48

	sentencia  goto 15
	sentencia_ejec  goto 16
	tipo  goto 17
	declaracion_variable  goto 18
	declaracion_con_asignacion  goto 19
	declaracion_funcion  goto 20
	asign_simple  goto 21
	asign_multiple  goto 22
	bloque_if  goto 23
	bloque_for  goto 24
	sentencia_print  goto 25
	llamada_funcion  goto 26
	return_sent  goto 280
	declaracion_funcion_err  goto 27
	var_ref  goto 28
	lista_vars  goto 29
	bloque_if_error  goto 30


state 262
	declaracion_funcion_err : tipo PARENTINIC lista_params_formales PARENTFIN LLAVEINIC bloque LLAVEFIN .  (37)

	.  reduce 37


state 263
	bloque_if_error : IF PARENTINIC error PARENTFIN rama_if ELSE rama_else ENDIF .  (100)

	.  reduce 100


state 264
	bloque_if_error : IF PARENTINIC condicion PARENTFIN rama_if ELSE rama_else error .  (96)

	.  reduce 96


state 265
	bloque_if : IF PARENTINIC condicion PARENTFIN rama_if ELSE rama_else ENDIF .  (87)

	.  reduce 87


state 266
	bloque_for : FOR ID FROM CTEINT TO CTEINT PARENTFIN rama_for .  (120)

	.  reduce 120


state 267
	rama_for : LLAVEINIC LLAVEFIN .  (131)

	.  reduce 131


state 268
	bloque_ejecutable : bloque_ejecutable . sentencia_ejec PUNTOYCOMA  (8)
	bloque_ejecutable : bloque_ejecutable . sentencia_ejec  (11)
	rama_for : LLAVEINIC bloque_ejecutable . LLAVEFIN  (130)

	IF  shift 8
	PRINT  shift 9
	FOR  shift 11
	ID  shift 12
	IGUALUNICO  shift 13
	LLAVEFIN  shift 281
	.  error

	sentencia_ejec  goto 144
	asign_simple  goto 21
	asign_multiple  goto 22
	bloque_if  goto 23
	bloque_for  goto 24
	sentencia_print  goto 25
	llamada_funcion  goto 26
	var_ref  goto 28
	lista_vars  goto 29
	bloque_if_error  goto 30


state 269
	bloque_for : FOR PARENTINIC FROM CTEINT TO CTEINT PARENTFIN rama_for .  (121)

	.  reduce 121


state 270
	bloque_for : FOR PARENTINIC ID FROM TO CTEINT PARENTFIN rama_for .  (123)

	.  reduce 123


state 271
	bloque_for : FOR PARENTINIC ID FROM CTEINT TO CTEINT PARENTFIN . rama_for  (119)
	bloque_for : FOR PARENTINIC ID FROM CTEINT TO CTEINT PARENTFIN . error  (128)

	error  shift 282
	IF  shift 8
	PRINT  shift 9
	FOR  shift 11
	ID  shift 12
	IGUALUNICO  shift 13
	LLAVEINIC  shift 250
	.  error

	sentencia_ejec  goto 251
	asign_simple  goto 21
	asign_multiple  goto 22
	bloque_if  goto 23
	bloque_for  goto 24
	sentencia_print  goto 25
	llamada_funcion  goto 26
	var_ref  goto 28
	lista_vars  goto 29
	bloque_if_error  goto 30
	rama_for  goto 283


state 272
	bloque_for : FOR PARENTINIC ID FROM CTEINT TO CTEINT rama_for .  (126)

	.  reduce 126


state 273
	bloque_for : FOR PARENTINIC ID FROM CTEINT TO PARENTFIN rama_for .  (125)

	.  reduce 125


state 274
	bloque_for : FOR PARENTINIC ID FROM CTEINT CTEINT PARENTFIN rama_for .  (124)

	.  reduce 124


state 275
	bloque_for : FOR PARENTINIC ID CTEINT TO CTEINT PARENTFIN rama_for .  (122)

	.  reduce 122


state 276
	bloque_ejecutable : bloque_ejecutable . sentencia_ejec PUNTOYCOMA  (8)
	bloque_ejecutable : bloque_ejecutable . sentencia_ejec  (11)
	lambda_expr : PARENTINIC tipo ID PARENTFIN LLAVEINIC bloque_ejecutable . LLAVEFIN PARENTINIC argumento PARENTFIN  (147)
	lambda_expr : PARENTINIC tipo ID PARENTFIN LLAVEINIC bloque_ejecutable . PARENTINIC argumento PARENTFIN  (149)

	IF  shift 8
	PRINT  shift 9
	FOR  shift 11
	ID  shift 12
	IGUALUNICO  shift 13
	PARENTINIC  shift 284
	LLAVEFIN  shift 285
	.  error

	sentencia_ejec  goto 144
	asign_simple  goto 21
	asign_multiple  goto 22
	bloque_if  goto 23
	bloque_for  goto 24
	sentencia_print  goto 25
	llamada_funcion  goto 26
	var_ref  goto 28
	lista_vars  goto 29
	bloque_if_error  goto 30


state 277
	lambda_expr : PARENTINIC tipo ID PARENTFIN bloque_ejecutable PARENTINIC . argumento PARENTFIN  (150)

	ID  shift 286
	CTEINT  shift 35
	CTEFLOAT  shift 36
	CTESTR  shift 37
	MENOS  shift 38
	.  error

	cte  goto 287
	argumento  goto 288


state 278
	lambda_expr : PARENTINIC tipo ID PARENTFIN bloque_ejecutable LLAVEFIN . PARENTINIC argumento PARENTFIN  (148)

	PARENTINIC  shift 289
	.  error


state 279
	return_sent : RETURN . PARENTINIC expresion PARENTFIN PUNTOYCOMA  (46)
	return_sent : RETURN . PARENTINIC expresion PARENTFIN  (47)

	PARENTINIC  shift 290
	.  error


state 280
	declaracion_funcion : tipo ID PARENTINIC lista_params_formales PARENTFIN LLAVEINIC bloque return_sent . LLAVEFIN  (35)

	LLAVEFIN  shift 291
	.  error


state 281
	rama_for : LLAVEINIC bloque_ejecutable LLAVEFIN .  (130)

	.  reduce 130


state 282
	bloque_for : FOR PARENTINIC ID FROM CTEINT TO CTEINT PARENTFIN error .  (128)

	.  reduce 128


state 283
	bloque_for : FOR PARENTINIC ID FROM CTEINT TO CTEINT PARENTFIN rama_for .  (119)

	.  reduce 119


state 284
	lambda_expr : PARENTINIC tipo ID PARENTFIN LLAVEINIC bloque_ejecutable PARENTINIC . argumento PARENTFIN  (149)

	ID  shift 286
	CTEINT  shift 35
	CTEFLOAT  shift 36
	CTESTR  shift 37
	MENOS  shift 38
	.  error

	cte  goto 287
	argumento  goto 292


state 285
	lambda_expr : PARENTINIC tipo ID PARENTFIN LLAVEINIC bloque_ejecutable LLAVEFIN . PARENTINIC argumento PARENTFIN  (147)

	PARENTINIC  shift 293
	.  error


state 286
	argumento : ID .  (151)

	.  reduce 151


state 287
	argumento : cte .  (152)

	.  reduce 152


state 288
	lambda_expr : PARENTINIC tipo ID PARENTFIN bloque_ejecutable PARENTINIC argumento . PARENTFIN  (150)

	PARENTFIN  shift 294
	.  error


state 289
	lambda_expr : PARENTINIC tipo ID PARENTFIN bloque_ejecutable LLAVEFIN PARENTINIC . argumento PARENTFIN  (148)

	ID  shift 286
	CTEINT  shift 35
	CTEFLOAT  shift 36
	CTESTR  shift 37
	MENOS  shift 38
	.  error

	cte  goto 287
	argumento  goto 295


state 290
	return_sent : RETURN PARENTINIC . expresion PARENTFIN PUNTOYCOMA  (46)
	return_sent : RETURN PARENTINIC . expresion PARENTFIN  (47)

	error  shift 48
	ID  shift 49
	CTEINT  shift 35
	CTEFLOAT  shift 36
	CTESTR  shift 37
	MENOS  shift 38
	.  error

	expresion  goto 296
	cte  goto 43
	termino  goto 44
	factor  goto 45


state 291
	declaracion_funcion : tipo ID PARENTINIC lista_params_formales PARENTFIN LLAVEINIC bloque return_sent LLAVEFIN .  (35)

	.  reduce 35


state 292
	lambda_expr : PARENTINIC tipo ID PARENTFIN LLAVEINIC bloque_ejecutable PARENTINIC argumento . PARENTFIN  (149)

	PARENTFIN  shift 297
	.  error


state 293
	lambda_expr : PARENTINIC tipo ID PARENTFIN LLAVEINIC bloque_ejecutable LLAVEFIN PARENTINIC . argumento PARENTFIN  (147)

	ID  shift 286
	CTEINT  shift 35
	CTEFLOAT  shift 36
	CTESTR  shift 37
	MENOS  shift 38
	.  error

	cte  goto 287
	argumento  goto 298


state 294
	lambda_expr : PARENTINIC tipo ID PARENTFIN bloque_ejecutable PARENTINIC argumento PARENTFIN .  (150)

	.  reduce 150


state 295
	lambda_expr : PARENTINIC tipo ID PARENTFIN bloque_ejecutable LLAVEFIN PARENTINIC argumento . PARENTFIN  (148)

	PARENTFIN  shift 299
	.  error


state 296
	return_sent : RETURN PARENTINIC expresion . PARENTFIN PUNTOYCOMA  (46)
	return_sent : RETURN PARENTINIC expresion . PARENTFIN  (47)
	expresion : expresion . MAS termino  (64)
	expresion : expresion . MAS error  (65)
	expresion : expresion . MENOS termino  (67)
	expresion : expresion . MENOS error  (68)

	MAS  shift 92
	MENOS  shift 93
	PARENTFIN  shift 300
	.  error


state 297
	lambda_expr : PARENTINIC tipo ID PARENTFIN LLAVEINIC bloque_ejecutable PARENTINIC argumento PARENTFIN .  (149)

	.  reduce 149


state 298
	lambda_expr : PARENTINIC tipo ID PARENTFIN LLAVEINIC bloque_ejecutable LLAVEFIN PARENTINIC argumento . PARENTFIN  (147)

	PARENTFIN  shift 301
	.  error


state 299
	lambda_expr : PARENTINIC tipo ID PARENTFIN bloque_ejecutable LLAVEFIN PARENTINIC argumento PARENTFIN .  (148)

	.  reduce 148


state 300
	return_sent : RETURN PARENTINIC expresion PARENTFIN . PUNTOYCOMA  (46)
	return_sent : RETURN PARENTINIC expresion PARENTFIN .  (47)

	PUNTOYCOMA  shift 302
	LLAVEFIN  reduce 47


state 301
	lambda_expr : PARENTINIC tipo ID PARENTFIN LLAVEINIC bloque_ejecutable LLAVEFIN PARENTINIC argumento PARENTFIN .  (147)

	.  reduce 147


state 302
	return_sent : RETURN PARENTINIC expresion PARENTFIN PUNTOYCOMA .  (46)

	.  reduce 46


State 49 contains 1 shift/reduce conflict.


38 terminals, 41 nonterminals
153 grammar rules, 303 states
